
3557[15/11/03 20:49:07]==>[ip=, forwardedFor=,ref=, ua=, sid=]
  ERROR o.s.web.servlet.DispatcherServlet - Context initialization failedorg.springframework.beans.factory.parsing.BeanDefinitionParsingException: Configuration problem: Only one AsyncAnnotationBeanPostProcessor may exist within the context.
Offending resource: ServletContext resource [/WEB-INF/spring-servlet.xml]
	at org.springframework.beans.factory.parsing.FailFastProblemReporter.error(FailFastProblemReporter.java:70) ~[spring-beans-4.1.4.RELEASE.jar:4.1.4.RELEASE]
	at org.springframework.beans.factory.parsing.ReaderContext.error(ReaderContext.java:85) ~[spring-beans-4.1.4.RELEASE.jar:4.1.4.RELEASE]
	at org.springframework.beans.factory.parsing.ReaderContext.error(ReaderContext.java:72) ~[spring-beans-4.1.4.RELEASE.jar:4.1.4.RELEASE]
	at org.springframework.scheduling.config.AnnotationDrivenBeanDefinitionParser.parse(AnnotationDrivenBeanDefinitionParser.java:67) ~[spring-context-4.1.4.RELEASE.jar:4.1.4.RELEASE]
	at org.springframework.beans.factory.xml.NamespaceHandlerSupport.parse(NamespaceHandlerSupport.java:74) ~[spring-beans-4.1.4.RELEASE.jar:4.1.4.RELEASE]
	at org.springframework.beans.factory.xml.BeanDefinitionParserDelegate.parseCustomElement(BeanDefinitionParserDelegate.java:1427) ~[spring-beans-4.1.4.RELEASE.jar:4.1.4.RELEASE]
	at org.springframework.beans.factory.xml.BeanDefinitionParserDelegate.parseCustomElement(BeanDefinitionParserDelegate.java:1417) ~[spring-beans-4.1.4.RELEASE.jar:4.1.4.RELEASE]
	at org.springframework.beans.factory.xml.DefaultBeanDefinitionDocumentReader.parseBeanDefinitions(DefaultBeanDefinitionDocumentReader.java:174) ~[spring-beans-4.1.4.RELEASE.jar:4.1.4.RELEASE]
	at org.springframework.beans.factory.xml.DefaultBeanDefinitionDocumentReader.doRegisterBeanDefinitions(DefaultBeanDefinitionDocumentReader.java:144) ~[spring-beans-4.1.4.RELEASE.jar:4.1.4.RELEASE]
	at org.springframework.beans.factory.xml.DefaultBeanDefinitionDocumentReader.registerBeanDefinitions(DefaultBeanDefinitionDocumentReader.java:100) ~[spring-beans-4.1.4.RELEASE.jar:4.1.4.RELEASE]
	at org.springframework.beans.factory.xml.XmlBeanDefinitionReader.registerBeanDefinitions(XmlBeanDefinitionReader.java:510) ~[spring-beans-4.1.4.RELEASE.jar:4.1.4.RELEASE]
	at org.springframework.beans.factory.xml.XmlBeanDefinitionReader.doLoadBeanDefinitions(XmlBeanDefinitionReader.java:392) ~[spring-beans-4.1.4.RELEASE.jar:4.1.4.RELEASE]
	at org.springframework.beans.factory.xml.XmlBeanDefinitionReader.loadBeanDefinitions(XmlBeanDefinitionReader.java:336) ~[spring-beans-4.1.4.RELEASE.jar:4.1.4.RELEASE]
	at org.springframework.beans.factory.xml.XmlBeanDefinitionReader.loadBeanDefinitions(XmlBeanDefinitionReader.java:304) ~[spring-beans-4.1.4.RELEASE.jar:4.1.4.RELEASE]
	at org.springframework.beans.factory.support.AbstractBeanDefinitionReader.loadBeanDefinitions(AbstractBeanDefinitionReader.java:181) ~[spring-beans-4.1.4.RELEASE.jar:4.1.4.RELEASE]
	at org.springframework.beans.factory.support.AbstractBeanDefinitionReader.loadBeanDefinitions(AbstractBeanDefinitionReader.java:217) ~[spring-beans-4.1.4.RELEASE.jar:4.1.4.RELEASE]
	at org.springframework.beans.factory.support.AbstractBeanDefinitionReader.loadBeanDefinitions(AbstractBeanDefinitionReader.java:188) ~[spring-beans-4.1.4.RELEASE.jar:4.1.4.RELEASE]
	at org.springframework.web.context.support.XmlWebApplicationContext.loadBeanDefinitions(XmlWebApplicationContext.java:125) ~[spring-web-4.1.4.RELEASE.jar:4.1.4.RELEASE]
	at org.springframework.web.context.support.XmlWebApplicationContext.loadBeanDefinitions(XmlWebApplicationContext.java:94) ~[spring-web-4.1.4.RELEASE.jar:4.1.4.RELEASE]
	at org.springframework.context.support.AbstractRefreshableApplicationContext.refreshBeanFactory(AbstractRefreshableApplicationContext.java:129) ~[spring-context-4.1.4.RELEASE.jar:4.1.4.RELEASE]
	at org.springframework.context.support.AbstractApplicationContext.obtainFreshBeanFactory(AbstractApplicationContext.java:537) ~[spring-context-4.1.4.RELEASE.jar:4.1.4.RELEASE]
	at org.springframework.context.support.AbstractApplicationContext.refresh(AbstractApplicationContext.java:452) ~[spring-context-4.1.4.RELEASE.jar:4.1.4.RELEASE]
	at org.springframework.web.servlet.FrameworkServlet.configureAndRefreshWebApplicationContext(FrameworkServlet.java:663) ~[spring-webmvc-4.1.4.RELEASE.jar:4.1.4.RELEASE]
	at org.springframework.web.servlet.FrameworkServlet.createWebApplicationContext(FrameworkServlet.java:629) ~[spring-webmvc-4.1.4.RELEASE.jar:4.1.4.RELEASE]
	at org.springframework.web.servlet.FrameworkServlet.createWebApplicationContext(FrameworkServlet.java:677) ~[spring-webmvc-4.1.4.RELEASE.jar:4.1.4.RELEASE]
	at org.springframework.web.servlet.FrameworkServlet.initWebApplicationContext(FrameworkServlet.java:548) ~[spring-webmvc-4.1.4.RELEASE.jar:4.1.4.RELEASE]
	at org.springframework.web.servlet.FrameworkServlet.initServletBean(FrameworkServlet.java:489) ~[spring-webmvc-4.1.4.RELEASE.jar:4.1.4.RELEASE]
	at org.springframework.web.servlet.HttpServletBean.init(HttpServletBean.java:136) [spring-webmvc-4.1.4.RELEASE.jar:4.1.4.RELEASE]
	at javax.servlet.GenericServlet.init(GenericServlet.java:244) [javax.servlet.jar:na]
	at org.eclipse.jetty.servlet.ServletHolder.initServlet(ServletHolder.java:532) [jetty-servlet.jar:8.1.14.v20131031]
	at org.eclipse.jetty.servlet.ServletHolder.doStart(ServletHolder.java:344) [jetty-servlet.jar:8.1.14.v20131031]
	at org.eclipse.jetty.util.component.AbstractLifeCycle.start(AbstractLifeCycle.java:64) [jetty-util.jar:8.1.14.v20131031]
	at org.eclipse.jetty.servlet.ServletHandler.initialize(ServletHandler.java:791) [jetty-servlet.jar:8.1.14.v20131031]
	at org.eclipse.jetty.servlet.ServletContextHandler.startContext(ServletContextHandler.java:265) [jetty-servlet.jar:8.1.14.v20131031]
	at org.eclipse.jetty.webapp.WebAppContext.startContext(WebAppContext.java:1242) [jetty-webapp.jar:8.1.14.v20131031]
	at org.eclipse.jetty.server.handler.ContextHandler.doStart(ContextHandler.java:717) [jetty-server.jar:8.1.14.v20131031]
	at org.eclipse.jetty.webapp.WebAppContext.doStart(WebAppContext.java:494) [jetty-webapp.jar:8.1.14.v20131031]
	at org.eclipse.jetty.util.component.AbstractLifeCycle.start(AbstractLifeCycle.java:64) [jetty-util.jar:8.1.14.v20131031]
	at org.eclipse.jetty.server.handler.HandlerWrapper.doStart(HandlerWrapper.java:95) [jetty-server.jar:8.1.14.v20131031]
	at org.eclipse.jetty.server.Server.doStart(Server.java:282) [jetty-server.jar:8.1.14.v20131031]
	at org.eclipse.jetty.util.component.AbstractLifeCycle.start(AbstractLifeCycle.java:64) [jetty-util.jar:8.1.14.v20131031]
	at net.sourceforge.eclipsejetty.starter.embedded.JettyEmbeddedAdapter.start(JettyEmbeddedAdapter.java:67) [eclipse-jetty-starters-embedded.jar:na]
	at net.sourceforge.eclipsejetty.starter.common.AbstractJettyLauncherMain.launch(AbstractJettyLauncherMain.java:84) [eclipse-jetty-starters-common.jar:na]
	at net.sourceforge.eclipsejetty.starter.embedded.JettyEmbeddedLauncherMain.main(JettyEmbeddedLauncherMain.java:42) [eclipse-jetty-starters-embedded.jar:na]
