
489 [15/11/05 14:55:15]==>[ip=, forwardedFor=,ref=, ua=, sid=]
  INFO  o.s.c.s.ClassPathXmlApplicationContext - Refreshing org.springframework.context.support.ClassPathXmlApplicationContext@3327bd23: startup date [Thu Nov 05 14:55:15 CST 2015]; root of context hierarchy
547 [15/11/05 14:55:15]==>[ip=, forwardedFor=,ref=, ua=, sid=]
  INFO  o.s.b.f.xml.XmlBeanDefinitionReader - Loading XML bean definitions from class path resource [applicationContext.xml]
1463[15/11/05 14:55:16]==>[ip=, forwardedFor=,ref=, ua=, sid=]
  INFO  o.s.c.s.PropertySourcesPlaceholderConfigurer - Loading properties file from file [E:\1-WorkSpace\3-DevelopWorkSpace\MyWebWorkSpace\project\hiro-spider-config\target\classes\test\config.properties]
1464[15/11/05 14:55:16]==>[ip=, forwardedFor=,ref=, ua=, sid=]
  INFO  o.s.c.s.PropertySourcesPlaceholderConfigurer - Loading properties file from file [E:\1-WorkSpace\3-DevelopWorkSpace\MyWebWorkSpace\project\hiro-spider-config\target\classes\test\log4j.properties]
1464[15/11/05 14:55:16]==>[ip=, forwardedFor=,ref=, ua=, sid=]
  INFO  o.s.c.s.PropertySourcesPlaceholderConfigurer - Loading properties file from URL [jar:file:/E:/1-WorkSpace/2-DevelopEnviroment/Maven_resposity/org/springframework/integration/spring-integration-core/4.1.2.RELEASE/spring-integration-core-4.1.2.RELEASE.jar!/META-INF/spring.integration.default.properties]
1480[15/11/05 14:55:16]==>[ip=, forwardedFor=,ref=, ua=, sid=]
  INFO  o.s.b.f.a.AutowiredAnnotationBeanPostProcessor - JSR-330 'javax.inject.Inject' annotation found and supported for autowiring
1979[15/11/05 14:55:16]==>[ip=, forwardedFor=,ref=, ua=, sid=]
  INFO  o.h.annotations.common.Version - HCANN000001: Hibernate Commons Annotations {4.0.5.Final}
1988[15/11/05 14:55:16]==>[ip=, forwardedFor=,ref=, ua=, sid=]
  INFO  org.hibernate.Version - HHH000412: Hibernate Core {4.3.11.Final}
1992[15/11/05 14:55:16]==>[ip=, forwardedFor=,ref=, ua=, sid=]
  INFO  org.hibernate.cfg.Environment - HHH000206: hibernate.properties not found
1994[15/11/05 14:55:16]==>[ip=, forwardedFor=,ref=, ua=, sid=]
  INFO  org.hibernate.cfg.Environment - HHH000021: Bytecode provider name : javassist
2837[15/11/05 14:55:17]==>[ip=, forwardedFor=,ref=, ua=, sid=]
  INFO  org.hibernate.dialect.Dialect - HHH000400: Using dialect: com.hiro.spider.core.util.MySQL5Dialect
2907[15/11/05 14:55:17]==>[ip=, forwardedFor=,ref=, ua=, sid=]
  INFO  o.h.e.t.i.TransactionFactoryInitiator - HHH000399: Using default transaction strategy (direct JDBC transactions)
2917[15/11/05 14:55:17]==>[ip=, forwardedFor=,ref=, ua=, sid=]
  INFO  o.h.h.i.a.ASTQueryTranslatorFactory - HHH000397: Using ASTQueryTranslatorFactory
2972[15/11/05 14:55:17]==>[ip=, forwardedFor=,ref=, ua=, sid=]
  INFO  o.h.validator.internal.util.Version - HV000001: Hibernate Validator 5.0.0.Final
3241[15/11/05 14:55:18]==>[ip=, forwardedFor=,ref=, ua=, sid=]
  INFO  o.s.s.c.ThreadPoolTaskExecutor - Initializing ExecutorService  'taskExecutor'
3261[15/11/05 14:55:18]==>[ip=, forwardedFor=,ref=, ua=, sid=]
  INFO  c.hiro.spider.process.ConnectorJob - 数据异常，[manager]null,[passTicket]null,[cookie]null,[sysUrl]null
3261[15/11/05 14:55:18]==>[ip=, forwardedFor=,ref=, ua=, sid=]
  INFO  c.hiro.spider.process.ConnectorJob - 开始获取用户信息》》》》》
3448[15/11/05 14:55:18]==>[ip=, forwardedFor=,ref=, ua=, sid=]
  ERROR o.s.s.s.TaskUtils$LoggingErrorHandler - Unexpected error occurred in scheduled task.java.lang.ClassCastException: com.alibaba.fastjson.JSONArray cannot be cast to com.alibaba.fastjson.JSONObject
	at com.alibaba.fastjson.JSON.parseObject(JSON.java:175) ~[fastjson-1.2.6.jar:na]
	at com.hiro.spider.process.ConnectorJob.getManager(ConnectorJob.java:55) ~[classes/:na]
	at sun.reflect.NativeMethodAccessorImpl.invoke0(Native Method) ~[na:1.8.0_60]
	at sun.reflect.NativeMethodAccessorImpl.invoke(NativeMethodAccessorImpl.java:62) ~[na:1.8.0_60]
	at sun.reflect.DelegatingMethodAccessorImpl.invoke(DelegatingMethodAccessorImpl.java:43) ~[na:1.8.0_60]
	at java.lang.reflect.Method.invoke(Method.java:497) ~[na:1.8.0_60]
	at org.springframework.scheduling.support.ScheduledMethodRunnable.run(ScheduledMethodRunnable.java:65) ~[spring-context-4.1.4.RELEASE.jar:4.1.4.RELEASE]
	at org.springframework.scheduling.support.DelegatingErrorHandlingRunnable.run(DelegatingErrorHandlingRunnable.java:54) ~[spring-context-4.1.4.RELEASE.jar:4.1.4.RELEASE]
	at java.util.concurrent.Executors$RunnableAdapter.call(Executors.java:511) [na:1.8.0_60]
	at java.util.concurrent.FutureTask.runAndReset(FutureTask.java:308) [na:1.8.0_60]
	at java.util.concurrent.ScheduledThreadPoolExecutor$ScheduledFutureTask.access$301(ScheduledThreadPoolExecutor.java:180) [na:1.8.0_60]
	at java.util.concurrent.ScheduledThreadPoolExecutor$ScheduledFutureTask.run(ScheduledThreadPoolExecutor.java:294) [na:1.8.0_60]
	at java.util.concurrent.ThreadPoolExecutor.runWorker(ThreadPoolExecutor.java:1142) [na:1.8.0_60]
	at java.util.concurrent.ThreadPoolExecutor$Worker.run(ThreadPoolExecutor.java:617) [na:1.8.0_60]
	at java.lang.Thread.run(Thread.java:745) [na:1.8.0_60]

5449[15/11/05 14:55:20]==>[ip=, forwardedFor=,ref=, ua=, sid=]
  INFO  c.hiro.spider.process.ConnectorJob - 开始获取用户信息》》》》》
5461[15/11/05 14:55:20]==>[ip=, forwardedFor=,ref=, ua=, sid=]
  ERROR o.s.s.s.TaskUtils$LoggingErrorHandler - Unexpected error occurred in scheduled task.java.lang.ClassCastException: com.alibaba.fastjson.JSONArray cannot be cast to com.alibaba.fastjson.JSONObject
	at com.alibaba.fastjson.JSON.parseObject(JSON.java:175) ~[fastjson-1.2.6.jar:na]
	at com.hiro.spider.process.ConnectorJob.getManager(ConnectorJob.java:55) ~[classes/:na]
	at sun.reflect.NativeMethodAccessorImpl.invoke0(Native Method) ~[na:1.8.0_60]
	at sun.reflect.NativeMethodAccessorImpl.invoke(NativeMethodAccessorImpl.java:62) ~[na:1.8.0_60]
	at sun.reflect.DelegatingMethodAccessorImpl.invoke(DelegatingMethodAccessorImpl.java:43) ~[na:1.8.0_60]
	at java.lang.reflect.Method.invoke(Method.java:497) ~[na:1.8.0_60]
	at org.springframework.scheduling.support.ScheduledMethodRunnable.run(ScheduledMethodRunnable.java:65) ~[spring-context-4.1.4.RELEASE.jar:4.1.4.RELEASE]
	at org.springframework.scheduling.support.DelegatingErrorHandlingRunnable.run(DelegatingErrorHandlingRunnable.java:54) ~[spring-context-4.1.4.RELEASE.jar:4.1.4.RELEASE]
	at java.util.concurrent.Executors$RunnableAdapter.call(Executors.java:511) [na:1.8.0_60]
	at java.util.concurrent.FutureTask.runAndReset(FutureTask.java:308) [na:1.8.0_60]
	at java.util.concurrent.ScheduledThreadPoolExecutor$ScheduledFutureTask.access$301(ScheduledThreadPoolExecutor.java:180) [na:1.8.0_60]
	at java.util.concurrent.ScheduledThreadPoolExecutor$ScheduledFutureTask.run(ScheduledThreadPoolExecutor.java:294) [na:1.8.0_60]
	at java.util.concurrent.ThreadPoolExecutor.runWorker(ThreadPoolExecutor.java:1142) [na:1.8.0_60]
	at java.util.concurrent.ThreadPoolExecutor$Worker.run(ThreadPoolExecutor.java:617) [na:1.8.0_60]
	at java.lang.Thread.run(Thread.java:745) [na:1.8.0_60]

6263[15/11/05 14:55:21]==>[ip=, forwardedFor=,ref=, ua=, sid=]
  INFO  c.hiro.spider.process.ConnectorJob - 数据异常，[manager][{"isAvailable":true,"cookie":"MM_WX_NOTIFY_STATE=1; MM_WX_SOUND_STATE=1; pgv_pvi=871048192; pgv_si=s5575862272; wxuin=829989404; wxsid=DYLvSgjHhSlW7Uw4; wxloadtime=1446640490; mm_lang=zh_CN; webwx_data_ticket=AQZm05+shQOwLf4XoCG77xp9; webwxuvid=d9a87744c73fa6a7b1f068d9b28e7639bb45bbf631113f4d0278a53119a4b3b7f71d58dd7acca18960a67c56a5e677eb;MM_WX_NOTIFY_STATE=1; MM_WX_SOUND_STATE=1; pgv_pvi=871048192; pgv_si=s5575862272; mm_lang=zh_CN; webwxuvid=d9a87744c73fa6a7b1f068d9b28e7639bb45bbf631113f4d0278a53119a4b3b7f71d58dd7acca18960a67c56a5e677eb; wxloadtime=1446640490_expired; wxpluginkey=1446630709; wxuin=829989404; wxsid=DYLvSgjHhSlW7Uw4; webwx_data_ticket=AQZm05+shQOwLf4XoCG77xp9","sysUrl":"https://webpush2.weixin.qq.com/cgi-bin/mmwebwx-bin/synccheck?r=1446639315859&skey=%40crypt_6b645fe6_3792f1297064bb477c4e42f7b8bb67c5&sid=JqP2Rvi%2FTQ533QCv&uin=829989404&deviceid=e394321008352563&synckey=1_631457676%7C2_631457680%7C3_631457305%7C11_631457654%7C201_1446639270%7C203_1446637617%7C1000_1446630709&_=1446639230289","managerName":"wuey","passTicket":"X1uab8ptlB4YeE5Zqd0yfPRzHcZZPsZf1PSIa0lvGJhBj0vovMunh%2BXSchdf%2FXIf#wechat_webview_type"},{"isAvailable":true,"cookie":"MM_WX_NOTIFY_STATE=1; MM_WX_SOUND_STATE=1; pgv_pvi=871048192; pgv_si=s5575862272; wxuin=829989404; wxsid=DYLvSgjHhSlW7Uw4; wxloadtime=1446640490; mm_lang=zh_CN; webwx_data_ticket=AQZm05+shQOwLf4XoCG77xp9; webwxuvid=d9a87744c73fa6a7b1f068d9b28e7639bb45bbf631113f4d0278a53119a4b3b7f71d58dd7acca18960a67c56a5e677eb;MM_WX_NOTIFY_STATE=1; MM_WX_SOUND_STATE=1; pgv_pvi=871048192; pgv_si=s5575862272; mm_lang=zh_CN; webwxuvid=d9a87744c73fa6a7b1f068d9b28e7639bb45bbf631113f4d0278a53119a4b3b7f71d58dd7acca18960a67c56a5e677eb; wxloadtime=1446640490_expired; wxpluginkey=1446630709; wxuin=829989404; wxsid=DYLvSgjHhSlW7Uw4; webwx_data_ticket=AQZm05+shQOwLf4XoCG77xp9","sysUrl":"https://webpush2.weixin.qq.com/cgi-bin/mmwebwx-bin/synccheck?r=1446639315859&skey=%40crypt_6b645fe6_3792f1297064bb477c4e42f7b8bb67c5&sid=JqP2Rvi%2FTQ533QCv&uin=829989404&deviceid=e394321008352563&synckey=1_631457676%7C2_631457680%7C3_631457305%7C11_631457654%7C201_1446639270%7C203_1446637617%7C1000_1446630709&_=1446639230289","managerName":"wuey","passTicket":"X1uab8ptlB4YeE5Zqd0yfPRzHcZZPsZf1PSIa0lvGJhBj0vovMunh%2BXSchdf%2FXIf#wechat_webview_type"},{"isAvailable":true,"cookie":"MM_WX_NOTIFY_STATE=1; MM_WX_SOUND_STATE=1; pgv_pvi=871048192; pgv_si=s5575862272; wxuin=829989404; wxsid=DYLvSgjHhSlW7Uw4; wxloadtime=1446640490; mm_lang=zh_CN; webwx_data_ticket=AQZm05+shQOwLf4XoCG77xp9; webwxuvid=d9a87744c73fa6a7b1f068d9b28e7639bb45bbf631113f4d0278a53119a4b3b7f71d58dd7acca18960a67c56a5e677eb;MM_WX_NOTIFY_STATE=1; MM_WX_SOUND_STATE=1; pgv_pvi=871048192; pgv_si=s5575862272; mm_lang=zh_CN; webwxuvid=d9a87744c73fa6a7b1f068d9b28e7639bb45bbf631113f4d0278a53119a4b3b7f71d58dd7acca18960a67c56a5e677eb; wxloadtime=1446640490_expired; wxpluginkey=1446630709; wxuin=829989404; wxsid=DYLvSgjHhSlW7Uw4; webwx_data_ticket=AQZm05+shQOwLf4XoCG77xp9","sysUrl":"https://webpush2.weixin.qq.com/cgi-bin/mmwebwx-bin/synccheck?r=1446639315859&skey=%40crypt_6b645fe6_3792f1297064bb477c4e42f7b8bb67c5&sid=JqP2Rvi%2FTQ533QCv&uin=829989404&deviceid=e394321008352563&synckey=1_631457676%7C2_631457680%7C3_631457305%7C11_631457654%7C201_1446639270%7C203_1446637617%7C1000_1446630709&_=1446639230289","managerName":"wuey","passTicket":"X1uab8ptlB4YeE5Zqd0yfPRzHcZZPsZf1PSIa0lvGJhBj0vovMunh%2BXSchdf%2FXIf#wechat_webview_type"},{"isAvailable":true,"cookie":"MM_WX_NOTIFY_STATE=1; MM_WX_SOUND_STATE=1; pgv_pvi=871048192; pgv_si=s5575862272; wxuin=829989404; wxsid=DYLvSgjHhSlW7Uw4; wxloadtime=1446640490; mm_lang=zh_CN; webwx_data_ticket=AQZm05+shQOwLf4XoCG77xp9; webwxuvid=d9a87744c73fa6a7b1f068d9b28e7639bb45bbf631113f4d0278a53119a4b3b7f71d58dd7acca18960a67c56a5e677eb;MM_WX_NOTIFY_STATE=1; MM_WX_SOUND_STATE=1; pgv_pvi=871048192; pgv_si=s5575862272; mm_lang=zh_CN; webwxuvid=d9a87744c73fa6a7b1f068d9b28e7639bb45bbf631113f4d0278a53119a4b3b7f71d58dd7acca18960a67c56a5e677eb; wxloadtime=1446640490_expired; wxpluginkey=1446630709; wxuin=829989404; wxsid=DYLvSgjHhSlW7Uw4; webwx_data_ticket=AQZm05+shQOwLf4XoCG77xp9","sysUrl":"https://webpush2.weixin.qq.com/cgi-bin/mmwebwx-bin/synccheck?r=1446639315859&skey=%40crypt_6b645fe6_3792f1297064bb477c4e42f7b8bb67c5&sid=JqP2Rvi%2FTQ533QCv&uin=829989404&deviceid=e394321008352563&synckey=1_631457676%7C2_631457680%7C3_631457305%7C11_631457654%7C201_1446639270%7C203_1446637617%7C1000_1446630709&_=1446639230289","managerName":"wuey","passTicket":"X1uab8ptlB4YeE5Zqd0yfPRzHcZZPsZf1PSIa0lvGJhBj0vovMunh%2BXSchdf%2FXIf#wechat_webview_type"}],[passTicket]null,[cookie]null,[sysUrl]null
7464[15/11/05 14:55:22]==>[ip=, forwardedFor=,ref=, ua=, sid=]
  INFO  c.hiro.spider.process.ConnectorJob - 开始获取用户信息》》》》》
7479[15/11/05 14:55:22]==>[ip=, forwardedFor=,ref=, ua=, sid=]
  ERROR o.s.s.s.TaskUtils$LoggingErrorHandler - Unexpected error occurred in scheduled task.java.lang.ClassCastException: com.alibaba.fastjson.JSONArray cannot be cast to com.alibaba.fastjson.JSONObject
	at com.alibaba.fastjson.JSON.parseObject(JSON.java:175) ~[fastjson-1.2.6.jar:na]
	at com.hiro.spider.process.ConnectorJob.getManager(ConnectorJob.java:55) ~[classes/:na]
	at sun.reflect.NativeMethodAccessorImpl.invoke0(Native Method) ~[na:1.8.0_60]
	at sun.reflect.NativeMethodAccessorImpl.invoke(NativeMethodAccessorImpl.java:62) ~[na:1.8.0_60]
	at sun.reflect.DelegatingMethodAccessorImpl.invoke(DelegatingMethodAccessorImpl.java:43) ~[na:1.8.0_60]
	at java.lang.reflect.Method.invoke(Method.java:497) ~[na:1.8.0_60]
	at org.springframework.scheduling.support.ScheduledMethodRunnable.run(ScheduledMethodRunnable.java:65) ~[spring-context-4.1.4.RELEASE.jar:4.1.4.RELEASE]
	at org.springframework.scheduling.support.DelegatingErrorHandlingRunnable.run(DelegatingErrorHandlingRunnable.java:54) ~[spring-context-4.1.4.RELEASE.jar:4.1.4.RELEASE]
	at java.util.concurrent.Executors$RunnableAdapter.call(Executors.java:511) [na:1.8.0_60]
	at java.util.concurrent.FutureTask.runAndReset(FutureTask.java:308) [na:1.8.0_60]
	at java.util.concurrent.ScheduledThreadPoolExecutor$ScheduledFutureTask.access$301(ScheduledThreadPoolExecutor.java:180) [na:1.8.0_60]
	at java.util.concurrent.ScheduledThreadPoolExecutor$ScheduledFutureTask.run(ScheduledThreadPoolExecutor.java:294) [na:1.8.0_60]
	at java.util.concurrent.ThreadPoolExecutor.runWorker(ThreadPoolExecutor.java:1142) [na:1.8.0_60]
	at java.util.concurrent.ThreadPoolExecutor$Worker.run(ThreadPoolExecutor.java:617) [na:1.8.0_60]
	at java.lang.Thread.run(Thread.java:745) [na:1.8.0_60]

9264[15/11/05 14:55:24]==>[ip=, forwardedFor=,ref=, ua=, sid=]
  INFO  c.hiro.spider.process.ConnectorJob - 数据异常，[manager][{"isAvailable":true,"cookie":"MM_WX_NOTIFY_STATE=1; MM_WX_SOUND_STATE=1; pgv_pvi=871048192; pgv_si=s5575862272; wxuin=829989404; wxsid=DYLvSgjHhSlW7Uw4; wxloadtime=1446640490; mm_lang=zh_CN; webwx_data_ticket=AQZm05+shQOwLf4XoCG77xp9; webwxuvid=d9a87744c73fa6a7b1f068d9b28e7639bb45bbf631113f4d0278a53119a4b3b7f71d58dd7acca18960a67c56a5e677eb;MM_WX_NOTIFY_STATE=1; MM_WX_SOUND_STATE=1; pgv_pvi=871048192; pgv_si=s5575862272; mm_lang=zh_CN; webwxuvid=d9a87744c73fa6a7b1f068d9b28e7639bb45bbf631113f4d0278a53119a4b3b7f71d58dd7acca18960a67c56a5e677eb; wxloadtime=1446640490_expired; wxpluginkey=1446630709; wxuin=829989404; wxsid=DYLvSgjHhSlW7Uw4; webwx_data_ticket=AQZm05+shQOwLf4XoCG77xp9","sysUrl":"https://webpush2.weixin.qq.com/cgi-bin/mmwebwx-bin/synccheck?r=1446639315859&skey=%40crypt_6b645fe6_3792f1297064bb477c4e42f7b8bb67c5&sid=JqP2Rvi%2FTQ533QCv&uin=829989404&deviceid=e394321008352563&synckey=1_631457676%7C2_631457680%7C3_631457305%7C11_631457654%7C201_1446639270%7C203_1446637617%7C1000_1446630709&_=1446639230289","managerName":"wuey","passTicket":"X1uab8ptlB4YeE5Zqd0yfPRzHcZZPsZf1PSIa0lvGJhBj0vovMunh%2BXSchdf%2FXIf#wechat_webview_type"},{"isAvailable":true,"cookie":"MM_WX_NOTIFY_STATE=1; MM_WX_SOUND_STATE=1; pgv_pvi=871048192; pgv_si=s5575862272; wxuin=829989404; wxsid=DYLvSgjHhSlW7Uw4; wxloadtime=1446640490; mm_lang=zh_CN; webwx_data_ticket=AQZm05+shQOwLf4XoCG77xp9; webwxuvid=d9a87744c73fa6a7b1f068d9b28e7639bb45bbf631113f4d0278a53119a4b3b7f71d58dd7acca18960a67c56a5e677eb;MM_WX_NOTIFY_STATE=1; MM_WX_SOUND_STATE=1; pgv_pvi=871048192; pgv_si=s5575862272; mm_lang=zh_CN; webwxuvid=d9a87744c73fa6a7b1f068d9b28e7639bb45bbf631113f4d0278a53119a4b3b7f71d58dd7acca18960a67c56a5e677eb; wxloadtime=1446640490_expired; wxpluginkey=1446630709; wxuin=829989404; wxsid=DYLvSgjHhSlW7Uw4; webwx_data_ticket=AQZm05+shQOwLf4XoCG77xp9","sysUrl":"https://webpush2.weixin.qq.com/cgi-bin/mmwebwx-bin/synccheck?r=1446639315859&skey=%40crypt_6b645fe6_3792f1297064bb477c4e42f7b8bb67c5&sid=JqP2Rvi%2FTQ533QCv&uin=829989404&deviceid=e394321008352563&synckey=1_631457676%7C2_631457680%7C3_631457305%7C11_631457654%7C201_1446639270%7C203_1446637617%7C1000_1446630709&_=1446639230289","managerName":"wuey","passTicket":"X1uab8ptlB4YeE5Zqd0yfPRzHcZZPsZf1PSIa0lvGJhBj0vovMunh%2BXSchdf%2FXIf#wechat_webview_type"},{"isAvailable":true,"cookie":"MM_WX_NOTIFY_STATE=1; MM_WX_SOUND_STATE=1; pgv_pvi=871048192; pgv_si=s5575862272; wxuin=829989404; wxsid=DYLvSgjHhSlW7Uw4; wxloadtime=1446640490; mm_lang=zh_CN; webwx_data_ticket=AQZm05+shQOwLf4XoCG77xp9; webwxuvid=d9a87744c73fa6a7b1f068d9b28e7639bb45bbf631113f4d0278a53119a4b3b7f71d58dd7acca18960a67c56a5e677eb;MM_WX_NOTIFY_STATE=1; MM_WX_SOUND_STATE=1; pgv_pvi=871048192; pgv_si=s5575862272; mm_lang=zh_CN; webwxuvid=d9a87744c73fa6a7b1f068d9b28e7639bb45bbf631113f4d0278a53119a4b3b7f71d58dd7acca18960a67c56a5e677eb; wxloadtime=1446640490_expired; wxpluginkey=1446630709; wxuin=829989404; wxsid=DYLvSgjHhSlW7Uw4; webwx_data_ticket=AQZm05+shQOwLf4XoCG77xp9","sysUrl":"https://webpush2.weixin.qq.com/cgi-bin/mmwebwx-bin/synccheck?r=1446639315859&skey=%40crypt_6b645fe6_3792f1297064bb477c4e42f7b8bb67c5&sid=JqP2Rvi%2FTQ533QCv&uin=829989404&deviceid=e394321008352563&synckey=1_631457676%7C2_631457680%7C3_631457305%7C11_631457654%7C201_1446639270%7C203_1446637617%7C1000_1446630709&_=1446639230289","managerName":"wuey","passTicket":"X1uab8ptlB4YeE5Zqd0yfPRzHcZZPsZf1PSIa0lvGJhBj0vovMunh%2BXSchdf%2FXIf#wechat_webview_type"},{"isAvailable":true,"cookie":"MM_WX_NOTIFY_STATE=1; MM_WX_SOUND_STATE=1; pgv_pvi=871048192; pgv_si=s5575862272; wxuin=829989404; wxsid=DYLvSgjHhSlW7Uw4; wxloadtime=1446640490; mm_lang=zh_CN; webwx_data_ticket=AQZm05+shQOwLf4XoCG77xp9; webwxuvid=d9a87744c73fa6a7b1f068d9b28e7639bb45bbf631113f4d0278a53119a4b3b7f71d58dd7acca18960a67c56a5e677eb;MM_WX_NOTIFY_STATE=1; MM_WX_SOUND_STATE=1; pgv_pvi=871048192; pgv_si=s5575862272; mm_lang=zh_CN; webwxuvid=d9a87744c73fa6a7b1f068d9b28e7639bb45bbf631113f4d0278a53119a4b3b7f71d58dd7acca18960a67c56a5e677eb; wxloadtime=1446640490_expired; wxpluginkey=1446630709; wxuin=829989404; wxsid=DYLvSgjHhSlW7Uw4; webwx_data_ticket=AQZm05+shQOwLf4XoCG77xp9","sysUrl":"https://webpush2.weixin.qq.com/cgi-bin/mmwebwx-bin/synccheck?r=1446639315859&skey=%40crypt_6b645fe6_3792f1297064bb477c4e42f7b8bb67c5&sid=JqP2Rvi%2FTQ533QCv&uin=829989404&deviceid=e394321008352563&synckey=1_631457676%7C2_631457680%7C3_631457305%7C11_631457654%7C201_1446639270%7C203_1446637617%7C1000_1446630709&_=1446639230289","managerName":"wuey","passTicket":"X1uab8ptlB4YeE5Zqd0yfPRzHcZZPsZf1PSIa0lvGJhBj0vovMunh%2BXSchdf%2FXIf#wechat_webview_type"}],[passTicket]null,[cookie]null,[sysUrl]null
9481[15/11/05 14:55:24]==>[ip=, forwardedFor=,ref=, ua=, sid=]
  INFO  c.hiro.spider.process.ConnectorJob - 开始获取用户信息》》》》》
9497[15/11/05 14:55:24]==>[ip=, forwardedFor=,ref=, ua=, sid=]
  ERROR o.s.s.s.TaskUtils$LoggingErrorHandler - Unexpected error occurred in scheduled task.java.lang.ClassCastException: com.alibaba.fastjson.JSONArray cannot be cast to com.alibaba.fastjson.JSONObject
	at com.alibaba.fastjson.JSON.parseObject(JSON.java:175) ~[fastjson-1.2.6.jar:na]
	at com.hiro.spider.process.ConnectorJob.getManager(ConnectorJob.java:55) ~[classes/:na]
	at sun.reflect.NativeMethodAccessorImpl.invoke0(Native Method) ~[na:1.8.0_60]
	at sun.reflect.NativeMethodAccessorImpl.invoke(NativeMethodAccessorImpl.java:62) ~[na:1.8.0_60]
	at sun.reflect.DelegatingMethodAccessorImpl.invoke(DelegatingMethodAccessorImpl.java:43) ~[na:1.8.0_60]
	at java.lang.reflect.Method.invoke(Method.java:497) ~[na:1.8.0_60]
	at org.springframework.scheduling.support.ScheduledMethodRunnable.run(ScheduledMethodRunnable.java:65) ~[spring-context-4.1.4.RELEASE.jar:4.1.4.RELEASE]
	at org.springframework.scheduling.support.DelegatingErrorHandlingRunnable.run(DelegatingErrorHandlingRunnable.java:54) ~[spring-context-4.1.4.RELEASE.jar:4.1.4.RELEASE]
	at java.util.concurrent.Executors$RunnableAdapter.call(Executors.java:511) [na:1.8.0_60]
	at java.util.concurrent.FutureTask.runAndReset(FutureTask.java:308) [na:1.8.0_60]
	at java.util.concurrent.ScheduledThreadPoolExecutor$ScheduledFutureTask.access$301(ScheduledThreadPoolExecutor.java:180) [na:1.8.0_60]
	at java.util.concurrent.ScheduledThreadPoolExecutor$ScheduledFutureTask.run(ScheduledThreadPoolExecutor.java:294) [na:1.8.0_60]
	at java.util.concurrent.ThreadPoolExecutor.runWorker(ThreadPoolExecutor.java:1142) [na:1.8.0_60]
	at java.util.concurrent.ThreadPoolExecutor$Worker.run(ThreadPoolExecutor.java:617) [na:1.8.0_60]
	at java.lang.Thread.run(Thread.java:745) [na:1.8.0_60]

11499[15/11/05 14:55:26]==>[ip=, forwardedFor=,ref=, ua=, sid=]
  INFO  c.hiro.spider.process.ConnectorJob - 开始获取用户信息》》》》》
11514[15/11/05 14:55:26]==>[ip=, forwardedFor=,ref=, ua=, sid=]
  ERROR o.s.s.s.TaskUtils$LoggingErrorHandler - Unexpected error occurred in scheduled task.java.lang.ClassCastException: com.alibaba.fastjson.JSONArray cannot be cast to com.alibaba.fastjson.JSONObject
	at com.alibaba.fastjson.JSON.parseObject(JSON.java:175) ~[fastjson-1.2.6.jar:na]
	at com.hiro.spider.process.ConnectorJob.getManager(ConnectorJob.java:55) ~[classes/:na]
	at sun.reflect.NativeMethodAccessorImpl.invoke0(Native Method) ~[na:1.8.0_60]
	at sun.reflect.NativeMethodAccessorImpl.invoke(NativeMethodAccessorImpl.java:62) ~[na:1.8.0_60]
	at sun.reflect.DelegatingMethodAccessorImpl.invoke(DelegatingMethodAccessorImpl.java:43) ~[na:1.8.0_60]
	at java.lang.reflect.Method.invoke(Method.java:497) ~[na:1.8.0_60]
	at org.springframework.scheduling.support.ScheduledMethodRunnable.run(ScheduledMethodRunnable.java:65) ~[spring-context-4.1.4.RELEASE.jar:4.1.4.RELEASE]
	at org.springframework.scheduling.support.DelegatingErrorHandlingRunnable.run(DelegatingErrorHandlingRunnable.java:54) ~[spring-context-4.1.4.RELEASE.jar:4.1.4.RELEASE]
	at java.util.concurrent.Executors$RunnableAdapter.call(Executors.java:511) [na:1.8.0_60]
	at java.util.concurrent.FutureTask.runAndReset(FutureTask.java:308) [na:1.8.0_60]
	at java.util.concurrent.ScheduledThreadPoolExecutor$ScheduledFutureTask.access$301(ScheduledThreadPoolExecutor.java:180) [na:1.8.0_60]
	at java.util.concurrent.ScheduledThreadPoolExecutor$ScheduledFutureTask.run(ScheduledThreadPoolExecutor.java:294) [na:1.8.0_60]
	at java.util.concurrent.ThreadPoolExecutor.runWorker(ThreadPoolExecutor.java:1142) [na:1.8.0_60]
	at java.util.concurrent.ThreadPoolExecutor$Worker.run(ThreadPoolExecutor.java:617) [na:1.8.0_60]
	at java.lang.Thread.run(Thread.java:745) [na:1.8.0_60]

508 [15/11/05 15:00:00]==>[ip=, forwardedFor=,ref=, ua=, sid=]
  INFO  o.s.c.s.ClassPathXmlApplicationContext - Refreshing org.springframework.context.support.ClassPathXmlApplicationContext@3327bd23: startup date [Thu Nov 05 15:00:00 CST 2015]; root of context hierarchy
563 [15/11/05 15:00:00]==>[ip=, forwardedFor=,ref=, ua=, sid=]
  INFO  o.s.b.f.xml.XmlBeanDefinitionReader - Loading XML bean definitions from class path resource [applicationContext.xml]
1463[15/11/05 15:00:01]==>[ip=, forwardedFor=,ref=, ua=, sid=]
  INFO  o.s.c.s.PropertySourcesPlaceholderConfigurer - Loading properties file from file [E:\1-WorkSpace\3-DevelopWorkSpace\MyWebWorkSpace\project\hiro-spider-config\target\classes\test\config.properties]
1464[15/11/05 15:00:01]==>[ip=, forwardedFor=,ref=, ua=, sid=]
  INFO  o.s.c.s.PropertySourcesPlaceholderConfigurer - Loading properties file from file [E:\1-WorkSpace\3-DevelopWorkSpace\MyWebWorkSpace\project\hiro-spider-config\target\classes\test\log4j.properties]
1464[15/11/05 15:00:01]==>[ip=, forwardedFor=,ref=, ua=, sid=]
  INFO  o.s.c.s.PropertySourcesPlaceholderConfigurer - Loading properties file from URL [jar:file:/E:/1-WorkSpace/2-DevelopEnviroment/Maven_resposity/org/springframework/integration/spring-integration-core/4.1.2.RELEASE/spring-integration-core-4.1.2.RELEASE.jar!/META-INF/spring.integration.default.properties]
1476[15/11/05 15:00:01]==>[ip=, forwardedFor=,ref=, ua=, sid=]
  INFO  o.s.b.f.a.AutowiredAnnotationBeanPostProcessor - JSR-330 'javax.inject.Inject' annotation found and supported for autowiring
1979[15/11/05 15:00:01]==>[ip=, forwardedFor=,ref=, ua=, sid=]
  INFO  o.h.annotations.common.Version - HCANN000001: Hibernate Commons Annotations {4.0.5.Final}
1994[15/11/05 15:00:01]==>[ip=, forwardedFor=,ref=, ua=, sid=]
  INFO  org.hibernate.Version - HHH000412: Hibernate Core {4.3.11.Final}
1996[15/11/05 15:00:01]==>[ip=, forwardedFor=,ref=, ua=, sid=]
  INFO  org.hibernate.cfg.Environment - HHH000206: hibernate.properties not found
1999[15/11/05 15:00:01]==>[ip=, forwardedFor=,ref=, ua=, sid=]
  INFO  org.hibernate.cfg.Environment - HHH000021: Bytecode provider name : javassist
6301[15/11/05 15:00:06]==>[ip=, forwardedFor=,ref=, ua=, sid=]
  INFO  org.hibernate.dialect.Dialect - HHH000400: Using dialect: com.hiro.spider.core.util.MySQL5Dialect
6359[15/11/05 15:00:06]==>[ip=, forwardedFor=,ref=, ua=, sid=]
  INFO  o.h.e.t.i.TransactionFactoryInitiator - HHH000399: Using default transaction strategy (direct JDBC transactions)
6365[15/11/05 15:00:06]==>[ip=, forwardedFor=,ref=, ua=, sid=]
  INFO  o.h.h.i.a.ASTQueryTranslatorFactory - HHH000397: Using ASTQueryTranslatorFactory
6416[15/11/05 15:00:06]==>[ip=, forwardedFor=,ref=, ua=, sid=]
  INFO  o.h.validator.internal.util.Version - HV000001: Hibernate Validator 5.0.0.Final
6707[15/11/05 15:00:06]==>[ip=, forwardedFor=,ref=, ua=, sid=]
  INFO  o.s.s.c.ThreadPoolTaskExecutor - Initializing ExecutorService  'taskExecutor'
6729[15/11/05 15:00:06]==>[ip=, forwardedFor=,ref=, ua=, sid=]
  INFO  c.hiro.spider.process.ConnectorJob - 数据异常，[manager]null,[passTicket]null,[cookie]null,[sysUrl]null
6729[15/11/05 15:00:06]==>[ip=, forwardedFor=,ref=, ua=, sid=]
  INFO  c.hiro.spider.process.ConnectorJob - 开始获取用户信息》》》》》
8963[15/11/05 15:00:08]==>[ip=, forwardedFor=,ref=, ua=, sid=]
  INFO  c.hiro.spider.process.ConnectorJob - 开始获取用户信息》》》》》
16111[15/11/05 15:00:16]==>[ip=, forwardedFor=,ref=, ua=, sid=]
  INFO  c.h.s.p.service.WeiXinCookieService - window.synccheck={retcode:"1100",selector:"0"}
16111[15/11/05 15:00:16]==>[ip=, forwardedFor=,ref=, ua=, sid=]
  INFO  c.hiro.spider.process.ConnectorJob - 开始获取用户信息》》》》》
19098[15/11/05 15:00:19]==>[ip=, forwardedFor=,ref=, ua=, sid=]
  INFO  c.hiro.spider.process.ConnectorJob - 开始获取用户信息》》》》》
22530[15/11/05 15:00:22]==>[ip=, forwardedFor=,ref=, ua=, sid=]
  INFO  c.h.s.p.service.WeiXinCookieService - window.synccheck={retcode:"1100",selector:"0"}
22530[15/11/05 15:00:22]==>[ip=, forwardedFor=,ref=, ua=, sid=]
  INFO  c.hiro.spider.process.ConnectorJob - 开始获取用户信息》》》》》
24566[15/11/05 15:00:24]==>[ip=, forwardedFor=,ref=, ua=, sid=]
  INFO  c.hiro.spider.process.ConnectorJob - 开始获取用户信息》》》》》
25698[15/11/05 15:00:25]==>[ip=, forwardedFor=,ref=, ua=, sid=]
  INFO  c.h.s.p.service.WeiXinCookieService - window.synccheck={retcode:"1100",selector:"0"}