
37313[15/10/30 22:03:57]==>[ip=, forwardedFor=,ref=, ua=, sid=]
  ERROR o.s.s.s.TaskUtils$LoggingErrorHandler - Unexpected error occurred in scheduled task.org.hibernate.HibernateException: Could not obtain transaction-synchronized Session for current thread
	at org.springframework.orm.hibernate4.SpringSessionContext.currentSession(SpringSessionContext.java:134) ~[spring-orm-4.1.4.RELEASE.jar:4.1.4.RELEASE]
	at org.hibernate.internal.SessionFactoryImpl.getCurrentSession(SessionFactoryImpl.java:1014) ~[hibernate-core-4.3.11.Final.jar:4.3.11.Final]
	at com.hiro.spider.data.dao.impl.BaseDao.getSession(BaseDao.java:37) ~[classes/:na]
	at com.hiro.spider.data.dao.impl.BaseDao.findAll(BaseDao.java:61) ~[classes/:na]
	at com.hiro.spider.process.SouGouOfficialAccountJob.getPublicNumbers(SouGouOfficialAccountJob.java:50) ~[classes/:na]
	at com.hiro.spider.process.SouGouOfficialAccountJob.start(SouGouOfficialAccountJob.java:46) ~[classes/:na]
	at sun.reflect.NativeMethodAccessorImpl.invoke0(Native Method) ~[na:1.8.0_60]
	at sun.reflect.NativeMethodAccessorImpl.invoke(NativeMethodAccessorImpl.java:62) ~[na:1.8.0_60]
	at sun.reflect.DelegatingMethodAccessorImpl.invoke(DelegatingMethodAccessorImpl.java:43) ~[na:1.8.0_60]
	at java.lang.reflect.Method.invoke(Method.java:497) ~[na:1.8.0_60]
	at org.springframework.scheduling.support.ScheduledMethodRunnable.run(ScheduledMethodRunnable.java:65) ~[spring-context-4.1.4.RELEASE.jar:4.1.4.RELEASE]
	at org.springframework.scheduling.support.DelegatingErrorHandlingRunnable.run(DelegatingErrorHandlingRunnable.java:54) ~[spring-context-4.1.4.RELEASE.jar:4.1.4.RELEASE]
	at java.util.concurrent.Executors$RunnableAdapter.call(Executors.java:511) [na:1.8.0_60]
	at java.util.concurrent.FutureTask.runAndReset(FutureTask.java:308) [na:1.8.0_60]
	at java.util.concurrent.ScheduledThreadPoolExecutor$ScheduledFutureTask.access$301(ScheduledThreadPoolExecutor.java:180) [na:1.8.0_60]
	at java.util.concurrent.ScheduledThreadPoolExecutor$ScheduledFutureTask.run(ScheduledThreadPoolExecutor.java:294) [na:1.8.0_60]
	at java.util.concurrent.ThreadPoolExecutor.runWorker(ThreadPoolExecutor.java:1142) [na:1.8.0_60]
	at java.util.concurrent.ThreadPoolExecutor$Worker.run(ThreadPoolExecutor.java:617) [na:1.8.0_60]
	at java.lang.Thread.run(Thread.java:745) [na:1.8.0_60]
