
533 [15/10/28 23:54:10]==>[ip=, forwardedFor=,ref=, ua=, sid=]
  INFO  o.s.c.s.ClassPathXmlApplicationContext - Refreshing org.springframework.context.support.ClassPathXmlApplicationContext@21213b92: startup date [Wed Oct 28 23:54:10 CST 2015]; root of context hierarchy
634 [15/10/28 23:54:10]==>[ip=, forwardedFor=,ref=, ua=, sid=]
  INFO  o.s.b.f.xml.XmlBeanDefinitionReader - Loading XML bean definitions from class path resource [applicationContext.xml]
1638[15/10/28 23:54:11]==>[ip=, forwardedFor=,ref=, ua=, sid=]
  INFO  o.s.c.s.PropertySourcesPlaceholderConfigurer - Loading properties file from file [E:\1-WorkSpace\3-DevelopWorkSpace\MyWebWorkSpace\project\hiro-spider-config\target\classes\online\config.properties]
1639[15/10/28 23:54:11]==>[ip=, forwardedFor=,ref=, ua=, sid=]
  INFO  o.s.c.s.PropertySourcesPlaceholderConfigurer - Loading properties file from file [E:\1-WorkSpace\3-DevelopWorkSpace\MyWebWorkSpace\project\hiro-spider-config\target\classes\online\log4j.properties]
1640[15/10/28 23:54:11]==>[ip=, forwardedFor=,ref=, ua=, sid=]
  INFO  o.s.c.s.PropertySourcesPlaceholderConfigurer - Loading properties file from file [E:\1-WorkSpace\3-DevelopWorkSpace\MyWebWorkSpace\project\hiro-spider-config\target\classes\test\config.properties]
1640[15/10/28 23:54:11]==>[ip=, forwardedFor=,ref=, ua=, sid=]
  INFO  o.s.c.s.PropertySourcesPlaceholderConfigurer - Loading properties file from file [E:\1-WorkSpace\3-DevelopWorkSpace\MyWebWorkSpace\project\hiro-spider-config\target\classes\test\log4j.properties]
1640[15/10/28 23:54:11]==>[ip=, forwardedFor=,ref=, ua=, sid=]
  INFO  o.s.c.s.PropertySourcesPlaceholderConfigurer - Loading properties file from URL [jar:file:/E:/1-WorkSpace/2-DevelopEnviroment/Maven_resposity/org/springframework/integration/spring-integration-core/4.1.2.RELEASE/spring-integration-core-4.1.2.RELEASE.jar!/META-INF/spring.integration.default.properties]
1652[15/10/28 23:54:11]==>[ip=, forwardedFor=,ref=, ua=, sid=]
  INFO  o.s.b.f.a.AutowiredAnnotationBeanPostProcessor - JSR-330 'javax.inject.Inject' annotation found and supported for autowiring
2307[15/10/28 23:54:12]==>[ip=, forwardedFor=,ref=, ua=, sid=]
  INFO  o.h.annotations.common.Version - HCANN000001: Hibernate Commons Annotations {4.0.5.Final}
2323[15/10/28 23:54:12]==>[ip=, forwardedFor=,ref=, ua=, sid=]
  INFO  org.hibernate.Version - HHH000412: Hibernate Core {4.3.11.Final}
2327[15/10/28 23:54:12]==>[ip=, forwardedFor=,ref=, ua=, sid=]
  INFO  org.hibernate.cfg.Environment - HHH000206: hibernate.properties not found
2330[15/10/28 23:54:12]==>[ip=, forwardedFor=,ref=, ua=, sid=]
  INFO  org.hibernate.cfg.Environment - HHH000021: Bytecode provider name : javassist
4170[15/10/28 23:54:14]==>[ip=, forwardedFor=,ref=, ua=, sid=]
  INFO  org.hibernate.dialect.Dialect - HHH000400: Using dialect: com.hiro.spider.core.util.MySQL5Dialect
4320[15/10/28 23:54:14]==>[ip=, forwardedFor=,ref=, ua=, sid=]
  INFO  o.h.e.t.i.TransactionFactoryInitiator - HHH000399: Using default transaction strategy (direct JDBC transactions)
4326[15/10/28 23:54:14]==>[ip=, forwardedFor=,ref=, ua=, sid=]
  INFO  o.h.h.i.a.ASTQueryTranslatorFactory - HHH000397: Using ASTQueryTranslatorFactory
4375[15/10/28 23:54:14]==>[ip=, forwardedFor=,ref=, ua=, sid=]
  INFO  o.h.validator.internal.util.Version - HV000001: Hibernate Validator 5.0.0.Final
5206[15/10/28 23:54:15]==>[ip=, forwardedFor=,ref=, ua=, sid=]
  INFO  o.s.s.c.ThreadPoolTaskExecutor - Initializing ExecutorService  'taskExecutor'
6118[15/10/28 23:54:16]==>[ip=, forwardedFor=,ref=, ua=, sid=]
  INFO  c.h.spider.process.SouGouCookieJob - cookie:ABTEST=0|1446047651|v1;IPLOC=CN4403;SUID=7C550F79260C930A000000005630EFA3;1446047656095482;SNUID=D6FFA4D3AAAE88879F3506DEABF52790