
3605076[15/11/01 01:00:17]==>[ip=, forwardedFor=,ref=, ua=, sid=]
  WARN  o.a.commons.dbcp2.BasicDataSource - An internal object pool swallowed an Exception.org.apache.commons.dbcp2.LifetimeExceededException: The lifetime of the connection [3,601,603] milliseconds exceeds the maximum permitted value of [3,600,000] milliseconds
	at org.apache.commons.dbcp2.PoolableConnectionFactory.validateLifetime(PoolableConnectionFactory.java:424) ~[commons-dbcp2-2.1.jar:2.1]
	at org.apache.commons.dbcp2.PoolableConnectionFactory.passivateObject(PoolableConnectionFactory.java:364) ~[commons-dbcp2-2.1.jar:2.1]
	at org.apache.commons.pool2.impl.GenericObjectPool.returnObject(GenericObjectPool.java:581) ~[commons-pool2-2.3.jar:2.3]
	at org.apache.commons.dbcp2.PoolableConnection.close(PoolableConnection.java:206) [commons-dbcp2-2.1.jar:2.1]
	at org.apache.commons.dbcp2.DelegatingConnection.closeInternal(DelegatingConnection.java:235) [commons-dbcp2-2.1.jar:2.1]
	at org.apache.commons.dbcp2.DelegatingConnection.close(DelegatingConnection.java:218) [commons-dbcp2-2.1.jar:2.1]
	at org.apache.commons.dbcp2.PoolingDataSource$PoolGuardConnectionWrapper.close(PoolingDataSource.java:244) [commons-dbcp2-2.1.jar:2.1]
	at org.springframework.jdbc.datasource.DataSourceUtils.doCloseConnection(DataSourceUtils.java:341) [spring-jdbc-4.1.4.RELEASE.jar:4.1.4.RELEASE]
	at org.springframework.jdbc.datasource.DataSourceUtils.doReleaseConnection(DataSourceUtils.java:328) [spring-jdbc-4.1.4.RELEASE.jar:4.1.4.RELEASE]
	at org.springframework.jdbc.datasource.DataSourceUtils.releaseConnection(DataSourceUtils.java:294) [spring-jdbc-4.1.4.RELEASE.jar:4.1.4.RELEASE]
	at org.springframework.jdbc.datasource.DataSourceTransactionManager.doCleanupAfterCompletion(DataSourceTransactionManager.java:329) [spring-jdbc-4.1.4.RELEASE.jar:4.1.4.RELEASE]
	at org.springframework.transaction.support.AbstractPlatformTransactionManager.cleanupAfterCompletion(AbstractPlatformTransactionManager.java:1012) [spring-tx-4.1.4.RELEASE.jar:4.1.4.RELEASE]
	at org.springframework.transaction.support.AbstractPlatformTransactionManager.processCommit(AbstractPlatformTransactionManager.java:807) [spring-tx-4.1.4.RELEASE.jar:4.1.4.RELEASE]
	at org.springframework.transaction.support.AbstractPlatformTransactionManager.commit(AbstractPlatformTransactionManager.java:726) [spring-tx-4.1.4.RELEASE.jar:4.1.4.RELEASE]
	at org.springframework.transaction.interceptor.TransactionAspectSupport.commitTransactionAfterReturning(TransactionAspectSupport.java:515) [spring-tx-4.1.4.RELEASE.jar:4.1.4.RELEASE]
	at org.springframework.transaction.interceptor.TransactionAspectSupport.invokeWithinTransaction(TransactionAspectSupport.java:291) [spring-tx-4.1.4.RELEASE.jar:4.1.4.RELEASE]
	at org.springframework.transaction.interceptor.TransactionInterceptor.invoke(TransactionInterceptor.java:96) [spring-tx-4.1.4.RELEASE.jar:4.1.4.RELEASE]
	at org.springframework.aop.framework.ReflectiveMethodInvocation.proceed(ReflectiveMethodInvocation.java:179) [spring-aop-4.1.4.RELEASE.jar:4.1.4.RELEASE]
	at org.springframework.aop.framework.JdkDynamicAopProxy.invoke(JdkDynamicAopProxy.java:207) [spring-aop-4.1.4.RELEASE.jar:4.1.4.RELEASE]
	at com.sun.proxy.$Proxy25.saveOfficialAccount(Unknown Source) [na:na]
	at com.hiro.spider.process.SouGouOfficialAccountJob.getPublicNumbers(SouGouOfficialAccountJob.java:61) [classes/:na]
	at com.hiro.spider.process.SouGouOfficialAccountJob.start(SouGouOfficialAccountJob.java:54) [classes/:na]
	at sun.reflect.NativeMethodAccessorImpl.invoke0(Native Method) ~[na:1.8.0_60]
	at sun.reflect.NativeMethodAccessorImpl.invoke(NativeMethodAccessorImpl.java:62) ~[na:1.8.0_60]
	at sun.reflect.DelegatingMethodAccessorImpl.invoke(DelegatingMethodAccessorImpl.java:43) ~[na:1.8.0_60]
	at java.lang.reflect.Method.invoke(Method.java:497) ~[na:1.8.0_60]
	at org.springframework.scheduling.support.ScheduledMethodRunnable.run(ScheduledMethodRunnable.java:65) [spring-context-4.1.4.RELEASE.jar:4.1.4.RELEASE]
	at org.springframework.scheduling.support.DelegatingErrorHandlingRunnable.run(DelegatingErrorHandlingRunnable.java:54) [spring-context-4.1.4.RELEASE.jar:4.1.4.RELEASE]
	at java.util.concurrent.Executors$RunnableAdapter.call(Executors.java:511) [na:1.8.0_60]
	at java.util.concurrent.FutureTask.runAndReset(FutureTask.java:308) [na:1.8.0_60]
	at java.util.concurrent.ScheduledThreadPoolExecutor$ScheduledFutureTask.access$301(ScheduledThreadPoolExecutor.java:180) [na:1.8.0_60]
	at java.util.concurrent.ScheduledThreadPoolExecutor$ScheduledFutureTask.run(ScheduledThreadPoolExecutor.java:294) [na:1.8.0_60]
	at java.util.concurrent.ThreadPoolExecutor.runWorker(ThreadPoolExecutor.java:1142) [na:1.8.0_60]
	at java.util.concurrent.ThreadPoolExecutor$Worker.run(ThreadPoolExecutor.java:617) [na:1.8.0_60]
	at java.lang.Thread.run(Thread.java:745) [na:1.8.0_60]

3636818[15/11/01 01:00:48]==>[ip=, forwardedFor=,ref=, ua=, sid=]
  WARN  o.a.commons.dbcp2.BasicDataSource - An internal object pool swallowed an Exception.org.apache.commons.dbcp2.LifetimeExceededException: The lifetime of the connection [3,631,232] milliseconds exceeds the maximum permitted value of [3,600,000] milliseconds
	at org.apache.commons.dbcp2.PoolableConnectionFactory.validateLifetime(PoolableConnectionFactory.java:424) ~[commons-dbcp2-2.1.jar:2.1]
	at org.apache.commons.dbcp2.PoolableConnectionFactory.passivateObject(PoolableConnectionFactory.java:364) ~[commons-dbcp2-2.1.jar:2.1]
	at org.apache.commons.pool2.impl.GenericObjectPool.returnObject(GenericObjectPool.java:581) ~[commons-pool2-2.3.jar:2.3]
	at org.apache.commons.dbcp2.PoolableConnection.close(PoolableConnection.java:206) [commons-dbcp2-2.1.jar:2.1]
	at org.apache.commons.dbcp2.DelegatingConnection.closeInternal(DelegatingConnection.java:235) [commons-dbcp2-2.1.jar:2.1]
	at org.apache.commons.dbcp2.DelegatingConnection.close(DelegatingConnection.java:218) [commons-dbcp2-2.1.jar:2.1]
	at org.apache.commons.dbcp2.PoolingDataSource$PoolGuardConnectionWrapper.close(PoolingDataSource.java:244) [commons-dbcp2-2.1.jar:2.1]
	at org.springframework.jdbc.datasource.DataSourceUtils.doCloseConnection(DataSourceUtils.java:341) [spring-jdbc-4.1.4.RELEASE.jar:4.1.4.RELEASE]
	at org.springframework.jdbc.datasource.DataSourceUtils.doReleaseConnection(DataSourceUtils.java:328) [spring-jdbc-4.1.4.RELEASE.jar:4.1.4.RELEASE]
	at org.springframework.jdbc.datasource.DataSourceUtils.releaseConnection(DataSourceUtils.java:294) [spring-jdbc-4.1.4.RELEASE.jar:4.1.4.RELEASE]
	at org.springframework.jdbc.datasource.DataSourceTransactionManager.doCleanupAfterCompletion(DataSourceTransactionManager.java:329) [spring-jdbc-4.1.4.RELEASE.jar:4.1.4.RELEASE]
	at org.springframework.transaction.support.AbstractPlatformTransactionManager.cleanupAfterCompletion(AbstractPlatformTransactionManager.java:1012) [spring-tx-4.1.4.RELEASE.jar:4.1.4.RELEASE]
	at org.springframework.transaction.support.AbstractPlatformTransactionManager.processCommit(AbstractPlatformTransactionManager.java:807) [spring-tx-4.1.4.RELEASE.jar:4.1.4.RELEASE]
	at org.springframework.transaction.support.AbstractPlatformTransactionManager.commit(AbstractPlatformTransactionManager.java:726) [spring-tx-4.1.4.RELEASE.jar:4.1.4.RELEASE]
	at org.springframework.transaction.interceptor.TransactionAspectSupport.commitTransactionAfterReturning(TransactionAspectSupport.java:515) [spring-tx-4.1.4.RELEASE.jar:4.1.4.RELEASE]
	at org.springframework.transaction.interceptor.TransactionAspectSupport.invokeWithinTransaction(TransactionAspectSupport.java:291) [spring-tx-4.1.4.RELEASE.jar:4.1.4.RELEASE]
	at org.springframework.transaction.interceptor.TransactionInterceptor.invoke(TransactionInterceptor.java:96) [spring-tx-4.1.4.RELEASE.jar:4.1.4.RELEASE]
	at org.springframework.aop.framework.ReflectiveMethodInvocation.proceed(ReflectiveMethodInvocation.java:179) [spring-aop-4.1.4.RELEASE.jar:4.1.4.RELEASE]
	at org.springframework.aop.framework.JdkDynamicAopProxy.invoke(JdkDynamicAopProxy.java:207) [spring-aop-4.1.4.RELEASE.jar:4.1.4.RELEASE]
	at com.sun.proxy.$Proxy25.saveOfficialAccount(Unknown Source) [na:na]
	at com.hiro.spider.process.SouGouOfficialAccountJob.getPublicNumbers(SouGouOfficialAccountJob.java:61) [classes/:na]
	at com.hiro.spider.process.SouGouOfficialAccountJob.start(SouGouOfficialAccountJob.java:54) [classes/:na]
	at sun.reflect.NativeMethodAccessorImpl.invoke0(Native Method) ~[na:1.8.0_60]
	at sun.reflect.NativeMethodAccessorImpl.invoke(NativeMethodAccessorImpl.java:62) ~[na:1.8.0_60]
	at sun.reflect.DelegatingMethodAccessorImpl.invoke(DelegatingMethodAccessorImpl.java:43) ~[na:1.8.0_60]
	at java.lang.reflect.Method.invoke(Method.java:497) ~[na:1.8.0_60]
	at org.springframework.scheduling.support.ScheduledMethodRunnable.run(ScheduledMethodRunnable.java:65) [spring-context-4.1.4.RELEASE.jar:4.1.4.RELEASE]
	at org.springframework.scheduling.support.DelegatingErrorHandlingRunnable.run(DelegatingErrorHandlingRunnable.java:54) [spring-context-4.1.4.RELEASE.jar:4.1.4.RELEASE]
	at java.util.concurrent.Executors$RunnableAdapter.call(Executors.java:511) [na:1.8.0_60]
	at java.util.concurrent.FutureTask.runAndReset(FutureTask.java:308) [na:1.8.0_60]
	at java.util.concurrent.ScheduledThreadPoolExecutor$ScheduledFutureTask.access$301(ScheduledThreadPoolExecutor.java:180) [na:1.8.0_60]
	at java.util.concurrent.ScheduledThreadPoolExecutor$ScheduledFutureTask.run(ScheduledThreadPoolExecutor.java:294) [na:1.8.0_60]
	at java.util.concurrent.ThreadPoolExecutor.runWorker(ThreadPoolExecutor.java:1142) [na:1.8.0_60]
	at java.util.concurrent.ThreadPoolExecutor$Worker.run(ThreadPoolExecutor.java:617) [na:1.8.0_60]
	at java.lang.Thread.run(Thread.java:745) [na:1.8.0_60]

7245435[15/11/01 02:00:57]==>[ip=, forwardedFor=,ref=, ua=, sid=]
  WARN  o.a.commons.dbcp2.BasicDataSource - An internal object pool swallowed an Exception.org.apache.commons.dbcp2.LifetimeExceededException: The lifetime of the connection [3,609,119] milliseconds exceeds the maximum permitted value of [3,600,000] milliseconds
	at org.apache.commons.dbcp2.PoolableConnectionFactory.validateLifetime(PoolableConnectionFactory.java:424) ~[commons-dbcp2-2.1.jar:2.1]
	at org.apache.commons.dbcp2.PoolableConnectionFactory.passivateObject(PoolableConnectionFactory.java:364) ~[commons-dbcp2-2.1.jar:2.1]
	at org.apache.commons.pool2.impl.GenericObjectPool.returnObject(GenericObjectPool.java:581) ~[commons-pool2-2.3.jar:2.3]
	at org.apache.commons.dbcp2.PoolableConnection.close(PoolableConnection.java:206) [commons-dbcp2-2.1.jar:2.1]
	at org.apache.commons.dbcp2.DelegatingConnection.closeInternal(DelegatingConnection.java:235) [commons-dbcp2-2.1.jar:2.1]
	at org.apache.commons.dbcp2.DelegatingConnection.close(DelegatingConnection.java:218) [commons-dbcp2-2.1.jar:2.1]
	at org.apache.commons.dbcp2.PoolingDataSource$PoolGuardConnectionWrapper.close(PoolingDataSource.java:244) [commons-dbcp2-2.1.jar:2.1]
	at org.springframework.jdbc.datasource.DataSourceUtils.doCloseConnection(DataSourceUtils.java:341) [spring-jdbc-4.1.4.RELEASE.jar:4.1.4.RELEASE]
	at org.springframework.jdbc.datasource.DataSourceUtils.doReleaseConnection(DataSourceUtils.java:328) [spring-jdbc-4.1.4.RELEASE.jar:4.1.4.RELEASE]
	at org.springframework.jdbc.datasource.DataSourceUtils.releaseConnection(DataSourceUtils.java:294) [spring-jdbc-4.1.4.RELEASE.jar:4.1.4.RELEASE]
	at org.springframework.jdbc.datasource.DataSourceTransactionManager.doCleanupAfterCompletion(DataSourceTransactionManager.java:329) [spring-jdbc-4.1.4.RELEASE.jar:4.1.4.RELEASE]
	at org.springframework.transaction.support.AbstractPlatformTransactionManager.cleanupAfterCompletion(AbstractPlatformTransactionManager.java:1012) [spring-tx-4.1.4.RELEASE.jar:4.1.4.RELEASE]
	at org.springframework.transaction.support.AbstractPlatformTransactionManager.processCommit(AbstractPlatformTransactionManager.java:807) [spring-tx-4.1.4.RELEASE.jar:4.1.4.RELEASE]
	at org.springframework.transaction.support.AbstractPlatformTransactionManager.commit(AbstractPlatformTransactionManager.java:726) [spring-tx-4.1.4.RELEASE.jar:4.1.4.RELEASE]
	at org.springframework.transaction.interceptor.TransactionAspectSupport.commitTransactionAfterReturning(TransactionAspectSupport.java:515) [spring-tx-4.1.4.RELEASE.jar:4.1.4.RELEASE]
	at org.springframework.transaction.interceptor.TransactionAspectSupport.invokeWithinTransaction(TransactionAspectSupport.java:291) [spring-tx-4.1.4.RELEASE.jar:4.1.4.RELEASE]
	at org.springframework.transaction.interceptor.TransactionInterceptor.invoke(TransactionInterceptor.java:96) [spring-tx-4.1.4.RELEASE.jar:4.1.4.RELEASE]
	at org.springframework.aop.framework.ReflectiveMethodInvocation.proceed(ReflectiveMethodInvocation.java:179) [spring-aop-4.1.4.RELEASE.jar:4.1.4.RELEASE]
	at org.springframework.aop.framework.JdkDynamicAopProxy.invoke(JdkDynamicAopProxy.java:207) [spring-aop-4.1.4.RELEASE.jar:4.1.4.RELEASE]
	at com.sun.proxy.$Proxy25.saveOfficialAccount(Unknown Source) [na:na]
	at com.hiro.spider.process.SouGouOfficialAccountJob.getPublicNumbers(SouGouOfficialAccountJob.java:61) [classes/:na]
	at com.hiro.spider.process.SouGouOfficialAccountJob.start(SouGouOfficialAccountJob.java:54) [classes/:na]
	at sun.reflect.NativeMethodAccessorImpl.invoke0(Native Method) ~[na:1.8.0_60]
	at sun.reflect.NativeMethodAccessorImpl.invoke(NativeMethodAccessorImpl.java:62) ~[na:1.8.0_60]
	at sun.reflect.DelegatingMethodAccessorImpl.invoke(DelegatingMethodAccessorImpl.java:43) ~[na:1.8.0_60]
	at java.lang.reflect.Method.invoke(Method.java:497) ~[na:1.8.0_60]
	at org.springframework.scheduling.support.ScheduledMethodRunnable.run(ScheduledMethodRunnable.java:65) [spring-context-4.1.4.RELEASE.jar:4.1.4.RELEASE]
	at org.springframework.scheduling.support.DelegatingErrorHandlingRunnable.run(DelegatingErrorHandlingRunnable.java:54) [spring-context-4.1.4.RELEASE.jar:4.1.4.RELEASE]
	at java.util.concurrent.Executors$RunnableAdapter.call(Executors.java:511) [na:1.8.0_60]
	at java.util.concurrent.FutureTask.runAndReset(FutureTask.java:308) [na:1.8.0_60]
	at java.util.concurrent.ScheduledThreadPoolExecutor$ScheduledFutureTask.access$301(ScheduledThreadPoolExecutor.java:180) [na:1.8.0_60]
	at java.util.concurrent.ScheduledThreadPoolExecutor$ScheduledFutureTask.run(ScheduledThreadPoolExecutor.java:294) [na:1.8.0_60]
	at java.util.concurrent.ThreadPoolExecutor.runWorker(ThreadPoolExecutor.java:1142) [na:1.8.0_60]
	at java.util.concurrent.ThreadPoolExecutor$Worker.run(ThreadPoolExecutor.java:617) [na:1.8.0_60]
	at java.lang.Thread.run(Thread.java:745) [na:1.8.0_60]

7277360[15/11/01 02:01:29]==>[ip=, forwardedFor=,ref=, ua=, sid=]
  WARN  o.a.commons.dbcp2.BasicDataSource - An internal object pool swallowed an Exception.org.apache.commons.dbcp2.LifetimeExceededException: The lifetime of the connection [3,609,033] milliseconds exceeds the maximum permitted value of [3,600,000] milliseconds
	at org.apache.commons.dbcp2.PoolableConnectionFactory.validateLifetime(PoolableConnectionFactory.java:424) ~[commons-dbcp2-2.1.jar:2.1]
	at org.apache.commons.dbcp2.PoolableConnectionFactory.passivateObject(PoolableConnectionFactory.java:364) ~[commons-dbcp2-2.1.jar:2.1]
	at org.apache.commons.pool2.impl.GenericObjectPool.returnObject(GenericObjectPool.java:581) ~[commons-pool2-2.3.jar:2.3]
	at org.apache.commons.dbcp2.PoolableConnection.close(PoolableConnection.java:206) [commons-dbcp2-2.1.jar:2.1]
	at org.apache.commons.dbcp2.DelegatingConnection.closeInternal(DelegatingConnection.java:235) [commons-dbcp2-2.1.jar:2.1]
	at org.apache.commons.dbcp2.DelegatingConnection.close(DelegatingConnection.java:218) [commons-dbcp2-2.1.jar:2.1]
	at org.apache.commons.dbcp2.PoolingDataSource$PoolGuardConnectionWrapper.close(PoolingDataSource.java:244) [commons-dbcp2-2.1.jar:2.1]
	at org.springframework.jdbc.datasource.DataSourceUtils.doCloseConnection(DataSourceUtils.java:341) [spring-jdbc-4.1.4.RELEASE.jar:4.1.4.RELEASE]
	at org.springframework.jdbc.datasource.DataSourceUtils.doReleaseConnection(DataSourceUtils.java:328) [spring-jdbc-4.1.4.RELEASE.jar:4.1.4.RELEASE]
	at org.springframework.jdbc.datasource.DataSourceUtils.releaseConnection(DataSourceUtils.java:294) [spring-jdbc-4.1.4.RELEASE.jar:4.1.4.RELEASE]
	at org.springframework.jdbc.datasource.DataSourceTransactionManager.doCleanupAfterCompletion(DataSourceTransactionManager.java:329) [spring-jdbc-4.1.4.RELEASE.jar:4.1.4.RELEASE]
	at org.springframework.transaction.support.AbstractPlatformTransactionManager.cleanupAfterCompletion(AbstractPlatformTransactionManager.java:1012) [spring-tx-4.1.4.RELEASE.jar:4.1.4.RELEASE]
	at org.springframework.transaction.support.AbstractPlatformTransactionManager.processCommit(AbstractPlatformTransactionManager.java:807) [spring-tx-4.1.4.RELEASE.jar:4.1.4.RELEASE]
	at org.springframework.transaction.support.AbstractPlatformTransactionManager.commit(AbstractPlatformTransactionManager.java:726) [spring-tx-4.1.4.RELEASE.jar:4.1.4.RELEASE]
	at org.springframework.transaction.interceptor.TransactionAspectSupport.commitTransactionAfterReturning(TransactionAspectSupport.java:515) [spring-tx-4.1.4.RELEASE.jar:4.1.4.RELEASE]
	at org.springframework.transaction.interceptor.TransactionAspectSupport.invokeWithinTransaction(TransactionAspectSupport.java:291) [spring-tx-4.1.4.RELEASE.jar:4.1.4.RELEASE]
	at org.springframework.transaction.interceptor.TransactionInterceptor.invoke(TransactionInterceptor.java:96) [spring-tx-4.1.4.RELEASE.jar:4.1.4.RELEASE]
	at org.springframework.aop.framework.ReflectiveMethodInvocation.proceed(ReflectiveMethodInvocation.java:179) [spring-aop-4.1.4.RELEASE.jar:4.1.4.RELEASE]
	at org.springframework.aop.framework.JdkDynamicAopProxy.invoke(JdkDynamicAopProxy.java:207) [spring-aop-4.1.4.RELEASE.jar:4.1.4.RELEASE]
	at com.sun.proxy.$Proxy25.saveOfficialAccount(Unknown Source) [na:na]
	at com.hiro.spider.process.SouGouOfficialAccountJob.getPublicNumbers(SouGouOfficialAccountJob.java:61) [classes/:na]
	at com.hiro.spider.process.SouGouOfficialAccountJob.start(SouGouOfficialAccountJob.java:54) [classes/:na]
	at sun.reflect.NativeMethodAccessorImpl.invoke0(Native Method) ~[na:1.8.0_60]
	at sun.reflect.NativeMethodAccessorImpl.invoke(NativeMethodAccessorImpl.java:62) ~[na:1.8.0_60]
	at sun.reflect.DelegatingMethodAccessorImpl.invoke(DelegatingMethodAccessorImpl.java:43) ~[na:1.8.0_60]
	at java.lang.reflect.Method.invoke(Method.java:497) ~[na:1.8.0_60]
	at org.springframework.scheduling.support.ScheduledMethodRunnable.run(ScheduledMethodRunnable.java:65) [spring-context-4.1.4.RELEASE.jar:4.1.4.RELEASE]
	at org.springframework.scheduling.support.DelegatingErrorHandlingRunnable.run(DelegatingErrorHandlingRunnable.java:54) [spring-context-4.1.4.RELEASE.jar:4.1.4.RELEASE]
	at java.util.concurrent.Executors$RunnableAdapter.call(Executors.java:511) [na:1.8.0_60]
	at java.util.concurrent.FutureTask.runAndReset(FutureTask.java:308) [na:1.8.0_60]
	at java.util.concurrent.ScheduledThreadPoolExecutor$ScheduledFutureTask.access$301(ScheduledThreadPoolExecutor.java:180) [na:1.8.0_60]
	at java.util.concurrent.ScheduledThreadPoolExecutor$ScheduledFutureTask.run(ScheduledThreadPoolExecutor.java:294) [na:1.8.0_60]
	at java.util.concurrent.ThreadPoolExecutor.runWorker(ThreadPoolExecutor.java:1142) [na:1.8.0_60]
	at java.util.concurrent.ThreadPoolExecutor$Worker.run(ThreadPoolExecutor.java:617) [na:1.8.0_60]
	at java.lang.Thread.run(Thread.java:745) [na:1.8.0_60]

10906676[15/11/01 03:01:58]==>[ip=, forwardedFor=,ref=, ua=, sid=]
  WARN  o.a.commons.dbcp2.BasicDataSource - An internal object pool swallowed an Exception.org.apache.commons.dbcp2.LifetimeExceededException: The lifetime of the connection [3,629,787] milliseconds exceeds the maximum permitted value of [3,600,000] milliseconds
	at org.apache.commons.dbcp2.PoolableConnectionFactory.validateLifetime(PoolableConnectionFactory.java:424) ~[commons-dbcp2-2.1.jar:2.1]
	at org.apache.commons.dbcp2.PoolableConnectionFactory.passivateObject(PoolableConnectionFactory.java:364) ~[commons-dbcp2-2.1.jar:2.1]
	at org.apache.commons.pool2.impl.GenericObjectPool.returnObject(GenericObjectPool.java:581) ~[commons-pool2-2.3.jar:2.3]
	at org.apache.commons.dbcp2.PoolableConnection.close(PoolableConnection.java:206) [commons-dbcp2-2.1.jar:2.1]
	at org.apache.commons.dbcp2.DelegatingConnection.closeInternal(DelegatingConnection.java:235) [commons-dbcp2-2.1.jar:2.1]
	at org.apache.commons.dbcp2.DelegatingConnection.close(DelegatingConnection.java:218) [commons-dbcp2-2.1.jar:2.1]
	at org.apache.commons.dbcp2.PoolingDataSource$PoolGuardConnectionWrapper.close(PoolingDataSource.java:244) [commons-dbcp2-2.1.jar:2.1]
	at org.springframework.jdbc.datasource.DataSourceUtils.doCloseConnection(DataSourceUtils.java:341) [spring-jdbc-4.1.4.RELEASE.jar:4.1.4.RELEASE]
	at org.springframework.jdbc.datasource.DataSourceUtils.doReleaseConnection(DataSourceUtils.java:328) [spring-jdbc-4.1.4.RELEASE.jar:4.1.4.RELEASE]
	at org.springframework.jdbc.datasource.DataSourceUtils.releaseConnection(DataSourceUtils.java:294) [spring-jdbc-4.1.4.RELEASE.jar:4.1.4.RELEASE]
	at org.springframework.jdbc.datasource.DataSourceTransactionManager.doCleanupAfterCompletion(DataSourceTransactionManager.java:329) [spring-jdbc-4.1.4.RELEASE.jar:4.1.4.RELEASE]
	at org.springframework.transaction.support.AbstractPlatformTransactionManager.cleanupAfterCompletion(AbstractPlatformTransactionManager.java:1012) [spring-tx-4.1.4.RELEASE.jar:4.1.4.RELEASE]
	at org.springframework.transaction.support.AbstractPlatformTransactionManager.processCommit(AbstractPlatformTransactionManager.java:807) [spring-tx-4.1.4.RELEASE.jar:4.1.4.RELEASE]
	at org.springframework.transaction.support.AbstractPlatformTransactionManager.commit(AbstractPlatformTransactionManager.java:726) [spring-tx-4.1.4.RELEASE.jar:4.1.4.RELEASE]
	at org.springframework.transaction.interceptor.TransactionAspectSupport.commitTransactionAfterReturning(TransactionAspectSupport.java:515) [spring-tx-4.1.4.RELEASE.jar:4.1.4.RELEASE]
	at org.springframework.transaction.interceptor.TransactionAspectSupport.invokeWithinTransaction(TransactionAspectSupport.java:291) [spring-tx-4.1.4.RELEASE.jar:4.1.4.RELEASE]
	at org.springframework.transaction.interceptor.TransactionInterceptor.invoke(TransactionInterceptor.java:96) [spring-tx-4.1.4.RELEASE.jar:4.1.4.RELEASE]
	at org.springframework.aop.framework.ReflectiveMethodInvocation.proceed(ReflectiveMethodInvocation.java:179) [spring-aop-4.1.4.RELEASE.jar:4.1.4.RELEASE]
	at org.springframework.aop.framework.JdkDynamicAopProxy.invoke(JdkDynamicAopProxy.java:207) [spring-aop-4.1.4.RELEASE.jar:4.1.4.RELEASE]
	at com.sun.proxy.$Proxy25.saveOfficialAccount(Unknown Source) [na:na]
	at com.hiro.spider.process.SouGouOfficialAccountJob.getPublicNumbers(SouGouOfficialAccountJob.java:61) [classes/:na]
	at com.hiro.spider.process.SouGouOfficialAccountJob.start(SouGouOfficialAccountJob.java:54) [classes/:na]
	at sun.reflect.NativeMethodAccessorImpl.invoke0(Native Method) ~[na:1.8.0_60]
	at sun.reflect.NativeMethodAccessorImpl.invoke(NativeMethodAccessorImpl.java:62) ~[na:1.8.0_60]
	at sun.reflect.DelegatingMethodAccessorImpl.invoke(DelegatingMethodAccessorImpl.java:43) ~[na:1.8.0_60]
	at java.lang.reflect.Method.invoke(Method.java:497) ~[na:1.8.0_60]
	at org.springframework.scheduling.support.ScheduledMethodRunnable.run(ScheduledMethodRunnable.java:65) [spring-context-4.1.4.RELEASE.jar:4.1.4.RELEASE]
	at org.springframework.scheduling.support.DelegatingErrorHandlingRunnable.run(DelegatingErrorHandlingRunnable.java:54) [spring-context-4.1.4.RELEASE.jar:4.1.4.RELEASE]
	at java.util.concurrent.Executors$RunnableAdapter.call(Executors.java:511) [na:1.8.0_60]
	at java.util.concurrent.FutureTask.runAndReset(FutureTask.java:308) [na:1.8.0_60]
	at java.util.concurrent.ScheduledThreadPoolExecutor$ScheduledFutureTask.access$301(ScheduledThreadPoolExecutor.java:180) [na:1.8.0_60]
	at java.util.concurrent.ScheduledThreadPoolExecutor$ScheduledFutureTask.run(ScheduledThreadPoolExecutor.java:294) [na:1.8.0_60]
	at java.util.concurrent.ThreadPoolExecutor.runWorker(ThreadPoolExecutor.java:1142) [na:1.8.0_60]
	at java.util.concurrent.ThreadPoolExecutor$Worker.run(ThreadPoolExecutor.java:617) [na:1.8.0_60]
	at java.lang.Thread.run(Thread.java:745) [na:1.8.0_60]

10938313[15/11/01 03:02:30]==>[ip=, forwardedFor=,ref=, ua=, sid=]
  WARN  o.a.commons.dbcp2.BasicDataSource - An internal object pool swallowed an Exception.org.apache.commons.dbcp2.LifetimeExceededException: The lifetime of the connection [3,629,639] milliseconds exceeds the maximum permitted value of [3,600,000] milliseconds
	at org.apache.commons.dbcp2.PoolableConnectionFactory.validateLifetime(PoolableConnectionFactory.java:424) ~[commons-dbcp2-2.1.jar:2.1]
	at org.apache.commons.dbcp2.PoolableConnectionFactory.passivateObject(PoolableConnectionFactory.java:364) ~[commons-dbcp2-2.1.jar:2.1]
	at org.apache.commons.pool2.impl.GenericObjectPool.returnObject(GenericObjectPool.java:581) ~[commons-pool2-2.3.jar:2.3]
	at org.apache.commons.dbcp2.PoolableConnection.close(PoolableConnection.java:206) [commons-dbcp2-2.1.jar:2.1]
	at org.apache.commons.dbcp2.DelegatingConnection.closeInternal(DelegatingConnection.java:235) [commons-dbcp2-2.1.jar:2.1]
	at org.apache.commons.dbcp2.DelegatingConnection.close(DelegatingConnection.java:218) [commons-dbcp2-2.1.jar:2.1]
	at org.apache.commons.dbcp2.PoolingDataSource$PoolGuardConnectionWrapper.close(PoolingDataSource.java:244) [commons-dbcp2-2.1.jar:2.1]
	at org.springframework.jdbc.datasource.DataSourceUtils.doCloseConnection(DataSourceUtils.java:341) [spring-jdbc-4.1.4.RELEASE.jar:4.1.4.RELEASE]
	at org.springframework.jdbc.datasource.DataSourceUtils.doReleaseConnection(DataSourceUtils.java:328) [spring-jdbc-4.1.4.RELEASE.jar:4.1.4.RELEASE]
	at org.springframework.jdbc.datasource.DataSourceUtils.releaseConnection(DataSourceUtils.java:294) [spring-jdbc-4.1.4.RELEASE.jar:4.1.4.RELEASE]
	at org.springframework.jdbc.datasource.DataSourceTransactionManager.doCleanupAfterCompletion(DataSourceTransactionManager.java:329) [spring-jdbc-4.1.4.RELEASE.jar:4.1.4.RELEASE]
	at org.springframework.transaction.support.AbstractPlatformTransactionManager.cleanupAfterCompletion(AbstractPlatformTransactionManager.java:1012) [spring-tx-4.1.4.RELEASE.jar:4.1.4.RELEASE]
	at org.springframework.transaction.support.AbstractPlatformTransactionManager.processCommit(AbstractPlatformTransactionManager.java:807) [spring-tx-4.1.4.RELEASE.jar:4.1.4.RELEASE]
	at org.springframework.transaction.support.AbstractPlatformTransactionManager.commit(AbstractPlatformTransactionManager.java:726) [spring-tx-4.1.4.RELEASE.jar:4.1.4.RELEASE]
	at org.springframework.transaction.interceptor.TransactionAspectSupport.commitTransactionAfterReturning(TransactionAspectSupport.java:515) [spring-tx-4.1.4.RELEASE.jar:4.1.4.RELEASE]
	at org.springframework.transaction.interceptor.TransactionAspectSupport.invokeWithinTransaction(TransactionAspectSupport.java:291) [spring-tx-4.1.4.RELEASE.jar:4.1.4.RELEASE]
	at org.springframework.transaction.interceptor.TransactionInterceptor.invoke(TransactionInterceptor.java:96) [spring-tx-4.1.4.RELEASE.jar:4.1.4.RELEASE]
	at org.springframework.aop.framework.ReflectiveMethodInvocation.proceed(ReflectiveMethodInvocation.java:179) [spring-aop-4.1.4.RELEASE.jar:4.1.4.RELEASE]
	at org.springframework.aop.framework.JdkDynamicAopProxy.invoke(JdkDynamicAopProxy.java:207) [spring-aop-4.1.4.RELEASE.jar:4.1.4.RELEASE]
	at com.sun.proxy.$Proxy25.saveOfficialAccount(Unknown Source) [na:na]
	at com.hiro.spider.process.SouGouOfficialAccountJob.getPublicNumbers(SouGouOfficialAccountJob.java:61) [classes/:na]
	at com.hiro.spider.process.SouGouOfficialAccountJob.start(SouGouOfficialAccountJob.java:54) [classes/:na]
	at sun.reflect.NativeMethodAccessorImpl.invoke0(Native Method) ~[na:1.8.0_60]
	at sun.reflect.NativeMethodAccessorImpl.invoke(NativeMethodAccessorImpl.java:62) ~[na:1.8.0_60]
	at sun.reflect.DelegatingMethodAccessorImpl.invoke(DelegatingMethodAccessorImpl.java:43) ~[na:1.8.0_60]
	at java.lang.reflect.Method.invoke(Method.java:497) ~[na:1.8.0_60]
	at org.springframework.scheduling.support.ScheduledMethodRunnable.run(ScheduledMethodRunnable.java:65) [spring-context-4.1.4.RELEASE.jar:4.1.4.RELEASE]
	at org.springframework.scheduling.support.DelegatingErrorHandlingRunnable.run(DelegatingErrorHandlingRunnable.java:54) [spring-context-4.1.4.RELEASE.jar:4.1.4.RELEASE]
	at java.util.concurrent.Executors$RunnableAdapter.call(Executors.java:511) [na:1.8.0_60]
	at java.util.concurrent.FutureTask.runAndReset(FutureTask.java:308) [na:1.8.0_60]
	at java.util.concurrent.ScheduledThreadPoolExecutor$ScheduledFutureTask.access$301(ScheduledThreadPoolExecutor.java:180) [na:1.8.0_60]
	at java.util.concurrent.ScheduledThreadPoolExecutor$ScheduledFutureTask.run(ScheduledThreadPoolExecutor.java:294) [na:1.8.0_60]
	at java.util.concurrent.ThreadPoolExecutor.runWorker(ThreadPoolExecutor.java:1142) [na:1.8.0_60]
	at java.util.concurrent.ThreadPoolExecutor$Worker.run(ThreadPoolExecutor.java:617) [na:1.8.0_60]
	at java.lang.Thread.run(Thread.java:745) [na:1.8.0_60]

14554850[15/11/01 04:02:46]==>[ip=, forwardedFor=,ref=, ua=, sid=]
  WARN  o.a.commons.dbcp2.BasicDataSource - An internal object pool swallowed an Exception.org.apache.commons.dbcp2.LifetimeExceededException: The lifetime of the connection [3,616,948] milliseconds exceeds the maximum permitted value of [3,600,000] milliseconds
	at org.apache.commons.dbcp2.PoolableConnectionFactory.validateLifetime(PoolableConnectionFactory.java:424) ~[commons-dbcp2-2.1.jar:2.1]
	at org.apache.commons.dbcp2.PoolableConnectionFactory.passivateObject(PoolableConnectionFactory.java:364) ~[commons-dbcp2-2.1.jar:2.1]
	at org.apache.commons.pool2.impl.GenericObjectPool.returnObject(GenericObjectPool.java:581) ~[commons-pool2-2.3.jar:2.3]
	at org.apache.commons.dbcp2.PoolableConnection.close(PoolableConnection.java:206) [commons-dbcp2-2.1.jar:2.1]
	at org.apache.commons.dbcp2.DelegatingConnection.closeInternal(DelegatingConnection.java:235) [commons-dbcp2-2.1.jar:2.1]
	at org.apache.commons.dbcp2.DelegatingConnection.close(DelegatingConnection.java:218) [commons-dbcp2-2.1.jar:2.1]
	at org.apache.commons.dbcp2.PoolingDataSource$PoolGuardConnectionWrapper.close(PoolingDataSource.java:244) [commons-dbcp2-2.1.jar:2.1]
	at org.springframework.jdbc.datasource.DataSourceUtils.doCloseConnection(DataSourceUtils.java:341) [spring-jdbc-4.1.4.RELEASE.jar:4.1.4.RELEASE]
	at org.springframework.jdbc.datasource.DataSourceUtils.doReleaseConnection(DataSourceUtils.java:328) [spring-jdbc-4.1.4.RELEASE.jar:4.1.4.RELEASE]
	at org.springframework.jdbc.datasource.DataSourceUtils.releaseConnection(DataSourceUtils.java:294) [spring-jdbc-4.1.4.RELEASE.jar:4.1.4.RELEASE]
	at org.springframework.jdbc.datasource.DataSourceTransactionManager.doCleanupAfterCompletion(DataSourceTransactionManager.java:329) [spring-jdbc-4.1.4.RELEASE.jar:4.1.4.RELEASE]
	at org.springframework.transaction.support.AbstractPlatformTransactionManager.cleanupAfterCompletion(AbstractPlatformTransactionManager.java:1012) [spring-tx-4.1.4.RELEASE.jar:4.1.4.RELEASE]
	at org.springframework.transaction.support.AbstractPlatformTransactionManager.processCommit(AbstractPlatformTransactionManager.java:807) [spring-tx-4.1.4.RELEASE.jar:4.1.4.RELEASE]
	at org.springframework.transaction.support.AbstractPlatformTransactionManager.commit(AbstractPlatformTransactionManager.java:726) [spring-tx-4.1.4.RELEASE.jar:4.1.4.RELEASE]
	at org.springframework.transaction.interceptor.TransactionAspectSupport.commitTransactionAfterReturning(TransactionAspectSupport.java:515) [spring-tx-4.1.4.RELEASE.jar:4.1.4.RELEASE]
	at org.springframework.transaction.interceptor.TransactionAspectSupport.invokeWithinTransaction(TransactionAspectSupport.java:291) [spring-tx-4.1.4.RELEASE.jar:4.1.4.RELEASE]
	at org.springframework.transaction.interceptor.TransactionInterceptor.invoke(TransactionInterceptor.java:96) [spring-tx-4.1.4.RELEASE.jar:4.1.4.RELEASE]
	at org.springframework.aop.framework.ReflectiveMethodInvocation.proceed(ReflectiveMethodInvocation.java:179) [spring-aop-4.1.4.RELEASE.jar:4.1.4.RELEASE]
	at org.springframework.aop.framework.JdkDynamicAopProxy.invoke(JdkDynamicAopProxy.java:207) [spring-aop-4.1.4.RELEASE.jar:4.1.4.RELEASE]
	at com.sun.proxy.$Proxy25.saveOfficialAccount(Unknown Source) [na:na]
	at com.hiro.spider.process.SouGouOfficialAccountJob.getPublicNumbers(SouGouOfficialAccountJob.java:61) [classes/:na]
	at com.hiro.spider.process.SouGouOfficialAccountJob.start(SouGouOfficialAccountJob.java:54) [classes/:na]
	at sun.reflect.NativeMethodAccessorImpl.invoke0(Native Method) ~[na:1.8.0_60]
	at sun.reflect.NativeMethodAccessorImpl.invoke(NativeMethodAccessorImpl.java:62) ~[na:1.8.0_60]
	at sun.reflect.DelegatingMethodAccessorImpl.invoke(DelegatingMethodAccessorImpl.java:43) ~[na:1.8.0_60]
	at java.lang.reflect.Method.invoke(Method.java:497) ~[na:1.8.0_60]
	at org.springframework.scheduling.support.ScheduledMethodRunnable.run(ScheduledMethodRunnable.java:65) [spring-context-4.1.4.RELEASE.jar:4.1.4.RELEASE]
	at org.springframework.scheduling.support.DelegatingErrorHandlingRunnable.run(DelegatingErrorHandlingRunnable.java:54) [spring-context-4.1.4.RELEASE.jar:4.1.4.RELEASE]
	at java.util.concurrent.Executors$RunnableAdapter.call(Executors.java:511) [na:1.8.0_60]
	at java.util.concurrent.FutureTask.runAndReset(FutureTask.java:308) [na:1.8.0_60]
	at java.util.concurrent.ScheduledThreadPoolExecutor$ScheduledFutureTask.access$301(ScheduledThreadPoolExecutor.java:180) [na:1.8.0_60]
	at java.util.concurrent.ScheduledThreadPoolExecutor$ScheduledFutureTask.run(ScheduledThreadPoolExecutor.java:294) [na:1.8.0_60]
	at java.util.concurrent.ThreadPoolExecutor.runWorker(ThreadPoolExecutor.java:1142) [na:1.8.0_60]
	at java.util.concurrent.ThreadPoolExecutor$Worker.run(ThreadPoolExecutor.java:617) [na:1.8.0_60]
	at java.lang.Thread.run(Thread.java:745) [na:1.8.0_60]

14586721[15/11/01 04:03:18]==>[ip=, forwardedFor=,ref=, ua=, sid=]
  WARN  o.a.commons.dbcp2.BasicDataSource - An internal object pool swallowed an Exception.org.apache.commons.dbcp2.LifetimeExceededException: The lifetime of the connection [3,617,167] milliseconds exceeds the maximum permitted value of [3,600,000] milliseconds
	at org.apache.commons.dbcp2.PoolableConnectionFactory.validateLifetime(PoolableConnectionFactory.java:424) ~[commons-dbcp2-2.1.jar:2.1]
	at org.apache.commons.dbcp2.PoolableConnectionFactory.passivateObject(PoolableConnectionFactory.java:364) ~[commons-dbcp2-2.1.jar:2.1]
	at org.apache.commons.pool2.impl.GenericObjectPool.returnObject(GenericObjectPool.java:581) ~[commons-pool2-2.3.jar:2.3]
	at org.apache.commons.dbcp2.PoolableConnection.close(PoolableConnection.java:206) [commons-dbcp2-2.1.jar:2.1]
	at org.apache.commons.dbcp2.DelegatingConnection.closeInternal(DelegatingConnection.java:235) [commons-dbcp2-2.1.jar:2.1]
	at org.apache.commons.dbcp2.DelegatingConnection.close(DelegatingConnection.java:218) [commons-dbcp2-2.1.jar:2.1]
	at org.apache.commons.dbcp2.PoolingDataSource$PoolGuardConnectionWrapper.close(PoolingDataSource.java:244) [commons-dbcp2-2.1.jar:2.1]
	at org.springframework.jdbc.datasource.DataSourceUtils.doCloseConnection(DataSourceUtils.java:341) [spring-jdbc-4.1.4.RELEASE.jar:4.1.4.RELEASE]
	at org.springframework.jdbc.datasource.DataSourceUtils.doReleaseConnection(DataSourceUtils.java:328) [spring-jdbc-4.1.4.RELEASE.jar:4.1.4.RELEASE]
	at org.springframework.jdbc.datasource.DataSourceUtils.releaseConnection(DataSourceUtils.java:294) [spring-jdbc-4.1.4.RELEASE.jar:4.1.4.RELEASE]
	at org.springframework.jdbc.datasource.DataSourceTransactionManager.doCleanupAfterCompletion(DataSourceTransactionManager.java:329) [spring-jdbc-4.1.4.RELEASE.jar:4.1.4.RELEASE]
	at org.springframework.transaction.support.AbstractPlatformTransactionManager.cleanupAfterCompletion(AbstractPlatformTransactionManager.java:1012) [spring-tx-4.1.4.RELEASE.jar:4.1.4.RELEASE]
	at org.springframework.transaction.support.AbstractPlatformTransactionManager.processCommit(AbstractPlatformTransactionManager.java:807) [spring-tx-4.1.4.RELEASE.jar:4.1.4.RELEASE]
	at org.springframework.transaction.support.AbstractPlatformTransactionManager.commit(AbstractPlatformTransactionManager.java:726) [spring-tx-4.1.4.RELEASE.jar:4.1.4.RELEASE]
	at org.springframework.transaction.interceptor.TransactionAspectSupport.commitTransactionAfterReturning(TransactionAspectSupport.java:515) [spring-tx-4.1.4.RELEASE.jar:4.1.4.RELEASE]
	at org.springframework.transaction.interceptor.TransactionAspectSupport.invokeWithinTransaction(TransactionAspectSupport.java:291) [spring-tx-4.1.4.RELEASE.jar:4.1.4.RELEASE]
	at org.springframework.transaction.interceptor.TransactionInterceptor.invoke(TransactionInterceptor.java:96) [spring-tx-4.1.4.RELEASE.jar:4.1.4.RELEASE]
	at org.springframework.aop.framework.ReflectiveMethodInvocation.proceed(ReflectiveMethodInvocation.java:179) [spring-aop-4.1.4.RELEASE.jar:4.1.4.RELEASE]
	at org.springframework.aop.framework.JdkDynamicAopProxy.invoke(JdkDynamicAopProxy.java:207) [spring-aop-4.1.4.RELEASE.jar:4.1.4.RELEASE]
	at com.sun.proxy.$Proxy25.saveOfficialAccount(Unknown Source) [na:na]
	at com.hiro.spider.process.SouGouOfficialAccountJob.getPublicNumbers(SouGouOfficialAccountJob.java:61) [classes/:na]
	at com.hiro.spider.process.SouGouOfficialAccountJob.start(SouGouOfficialAccountJob.java:54) [classes/:na]
	at sun.reflect.NativeMethodAccessorImpl.invoke0(Native Method) ~[na:1.8.0_60]
	at sun.reflect.NativeMethodAccessorImpl.invoke(NativeMethodAccessorImpl.java:62) ~[na:1.8.0_60]
	at sun.reflect.DelegatingMethodAccessorImpl.invoke(DelegatingMethodAccessorImpl.java:43) ~[na:1.8.0_60]
	at java.lang.reflect.Method.invoke(Method.java:497) ~[na:1.8.0_60]
	at org.springframework.scheduling.support.ScheduledMethodRunnable.run(ScheduledMethodRunnable.java:65) [spring-context-4.1.4.RELEASE.jar:4.1.4.RELEASE]
	at org.springframework.scheduling.support.DelegatingErrorHandlingRunnable.run(DelegatingErrorHandlingRunnable.java:54) [spring-context-4.1.4.RELEASE.jar:4.1.4.RELEASE]
	at java.util.concurrent.Executors$RunnableAdapter.call(Executors.java:511) [na:1.8.0_60]
	at java.util.concurrent.FutureTask.runAndReset(FutureTask.java:308) [na:1.8.0_60]
	at java.util.concurrent.ScheduledThreadPoolExecutor$ScheduledFutureTask.access$301(ScheduledThreadPoolExecutor.java:180) [na:1.8.0_60]
	at java.util.concurrent.ScheduledThreadPoolExecutor$ScheduledFutureTask.run(ScheduledThreadPoolExecutor.java:294) [na:1.8.0_60]
	at java.util.concurrent.ThreadPoolExecutor.runWorker(ThreadPoolExecutor.java:1142) [na:1.8.0_60]
	at java.util.concurrent.ThreadPoolExecutor$Worker.run(ThreadPoolExecutor.java:617) [na:1.8.0_60]
	at java.lang.Thread.run(Thread.java:745) [na:1.8.0_60]

18192701[15/11/01 05:03:24]==>[ip=, forwardedFor=,ref=, ua=, sid=]
  WARN  o.a.commons.dbcp2.BasicDataSource - An internal object pool swallowed an Exception.org.apache.commons.dbcp2.LifetimeExceededException: The lifetime of the connection [3,606,403] milliseconds exceeds the maximum permitted value of [3,600,000] milliseconds
	at org.apache.commons.dbcp2.PoolableConnectionFactory.validateLifetime(PoolableConnectionFactory.java:424) ~[commons-dbcp2-2.1.jar:2.1]
	at org.apache.commons.dbcp2.PoolableConnectionFactory.passivateObject(PoolableConnectionFactory.java:364) ~[commons-dbcp2-2.1.jar:2.1]
	at org.apache.commons.pool2.impl.GenericObjectPool.returnObject(GenericObjectPool.java:581) ~[commons-pool2-2.3.jar:2.3]
	at org.apache.commons.dbcp2.PoolableConnection.close(PoolableConnection.java:206) [commons-dbcp2-2.1.jar:2.1]
	at org.apache.commons.dbcp2.DelegatingConnection.closeInternal(DelegatingConnection.java:235) [commons-dbcp2-2.1.jar:2.1]
	at org.apache.commons.dbcp2.DelegatingConnection.close(DelegatingConnection.java:218) [commons-dbcp2-2.1.jar:2.1]
	at org.apache.commons.dbcp2.PoolingDataSource$PoolGuardConnectionWrapper.close(PoolingDataSource.java:244) [commons-dbcp2-2.1.jar:2.1]
	at org.springframework.jdbc.datasource.DataSourceUtils.doCloseConnection(DataSourceUtils.java:341) [spring-jdbc-4.1.4.RELEASE.jar:4.1.4.RELEASE]
	at org.springframework.jdbc.datasource.DataSourceUtils.doReleaseConnection(DataSourceUtils.java:328) [spring-jdbc-4.1.4.RELEASE.jar:4.1.4.RELEASE]
	at org.springframework.jdbc.datasource.DataSourceUtils.releaseConnection(DataSourceUtils.java:294) [spring-jdbc-4.1.4.RELEASE.jar:4.1.4.RELEASE]
	at org.springframework.jdbc.datasource.DataSourceTransactionManager.doCleanupAfterCompletion(DataSourceTransactionManager.java:329) [spring-jdbc-4.1.4.RELEASE.jar:4.1.4.RELEASE]
	at org.springframework.transaction.support.AbstractPlatformTransactionManager.cleanupAfterCompletion(AbstractPlatformTransactionManager.java:1012) [spring-tx-4.1.4.RELEASE.jar:4.1.4.RELEASE]
	at org.springframework.transaction.support.AbstractPlatformTransactionManager.processCommit(AbstractPlatformTransactionManager.java:807) [spring-tx-4.1.4.RELEASE.jar:4.1.4.RELEASE]
	at org.springframework.transaction.support.AbstractPlatformTransactionManager.commit(AbstractPlatformTransactionManager.java:726) [spring-tx-4.1.4.RELEASE.jar:4.1.4.RELEASE]
	at org.springframework.transaction.interceptor.TransactionAspectSupport.commitTransactionAfterReturning(TransactionAspectSupport.java:515) [spring-tx-4.1.4.RELEASE.jar:4.1.4.RELEASE]
	at org.springframework.transaction.interceptor.TransactionAspectSupport.invokeWithinTransaction(TransactionAspectSupport.java:291) [spring-tx-4.1.4.RELEASE.jar:4.1.4.RELEASE]
	at org.springframework.transaction.interceptor.TransactionInterceptor.invoke(TransactionInterceptor.java:96) [spring-tx-4.1.4.RELEASE.jar:4.1.4.RELEASE]
	at org.springframework.aop.framework.ReflectiveMethodInvocation.proceed(ReflectiveMethodInvocation.java:179) [spring-aop-4.1.4.RELEASE.jar:4.1.4.RELEASE]
	at org.springframework.aop.framework.JdkDynamicAopProxy.invoke(JdkDynamicAopProxy.java:207) [spring-aop-4.1.4.RELEASE.jar:4.1.4.RELEASE]
	at com.sun.proxy.$Proxy25.saveOfficialAccount(Unknown Source) [na:na]
	at com.hiro.spider.process.SouGouOfficialAccountJob.getPublicNumbers(SouGouOfficialAccountJob.java:61) [classes/:na]
	at com.hiro.spider.process.SouGouOfficialAccountJob.start(SouGouOfficialAccountJob.java:54) [classes/:na]
	at sun.reflect.NativeMethodAccessorImpl.invoke0(Native Method) ~[na:1.8.0_60]
	at sun.reflect.NativeMethodAccessorImpl.invoke(NativeMethodAccessorImpl.java:62) ~[na:1.8.0_60]
	at sun.reflect.DelegatingMethodAccessorImpl.invoke(DelegatingMethodAccessorImpl.java:43) ~[na:1.8.0_60]
	at java.lang.reflect.Method.invoke(Method.java:497) ~[na:1.8.0_60]
	at org.springframework.scheduling.support.ScheduledMethodRunnable.run(ScheduledMethodRunnable.java:65) [spring-context-4.1.4.RELEASE.jar:4.1.4.RELEASE]
	at org.springframework.scheduling.support.DelegatingErrorHandlingRunnable.run(DelegatingErrorHandlingRunnable.java:54) [spring-context-4.1.4.RELEASE.jar:4.1.4.RELEASE]
	at java.util.concurrent.Executors$RunnableAdapter.call(Executors.java:511) [na:1.8.0_60]
	at java.util.concurrent.FutureTask.runAndReset(FutureTask.java:308) [na:1.8.0_60]
	at java.util.concurrent.ScheduledThreadPoolExecutor$ScheduledFutureTask.access$301(ScheduledThreadPoolExecutor.java:180) [na:1.8.0_60]
	at java.util.concurrent.ScheduledThreadPoolExecutor$ScheduledFutureTask.run(ScheduledThreadPoolExecutor.java:294) [na:1.8.0_60]
	at java.util.concurrent.ThreadPoolExecutor.runWorker(ThreadPoolExecutor.java:1142) [na:1.8.0_60]
	at java.util.concurrent.ThreadPoolExecutor$Worker.run(ThreadPoolExecutor.java:617) [na:1.8.0_60]
	at java.lang.Thread.run(Thread.java:745) [na:1.8.0_60]

18224477[15/11/01 05:03:56]==>[ip=, forwardedFor=,ref=, ua=, sid=]
  WARN  o.a.commons.dbcp2.BasicDataSource - An internal object pool swallowed an Exception.org.apache.commons.dbcp2.LifetimeExceededException: The lifetime of the connection [3,606,380] milliseconds exceeds the maximum permitted value of [3,600,000] milliseconds
	at org.apache.commons.dbcp2.PoolableConnectionFactory.validateLifetime(PoolableConnectionFactory.java:424) ~[commons-dbcp2-2.1.jar:2.1]
	at org.apache.commons.dbcp2.PoolableConnectionFactory.passivateObject(PoolableConnectionFactory.java:364) ~[commons-dbcp2-2.1.jar:2.1]
	at org.apache.commons.pool2.impl.GenericObjectPool.returnObject(GenericObjectPool.java:581) ~[commons-pool2-2.3.jar:2.3]
	at org.apache.commons.dbcp2.PoolableConnection.close(PoolableConnection.java:206) [commons-dbcp2-2.1.jar:2.1]
	at org.apache.commons.dbcp2.DelegatingConnection.closeInternal(DelegatingConnection.java:235) [commons-dbcp2-2.1.jar:2.1]
	at org.apache.commons.dbcp2.DelegatingConnection.close(DelegatingConnection.java:218) [commons-dbcp2-2.1.jar:2.1]
	at org.apache.commons.dbcp2.PoolingDataSource$PoolGuardConnectionWrapper.close(PoolingDataSource.java:244) [commons-dbcp2-2.1.jar:2.1]
	at org.springframework.jdbc.datasource.DataSourceUtils.doCloseConnection(DataSourceUtils.java:341) [spring-jdbc-4.1.4.RELEASE.jar:4.1.4.RELEASE]
	at org.springframework.jdbc.datasource.DataSourceUtils.doReleaseConnection(DataSourceUtils.java:328) [spring-jdbc-4.1.4.RELEASE.jar:4.1.4.RELEASE]
	at org.springframework.jdbc.datasource.DataSourceUtils.releaseConnection(DataSourceUtils.java:294) [spring-jdbc-4.1.4.RELEASE.jar:4.1.4.RELEASE]
	at org.springframework.jdbc.datasource.DataSourceTransactionManager.doCleanupAfterCompletion(DataSourceTransactionManager.java:329) [spring-jdbc-4.1.4.RELEASE.jar:4.1.4.RELEASE]
	at org.springframework.transaction.support.AbstractPlatformTransactionManager.cleanupAfterCompletion(AbstractPlatformTransactionManager.java:1012) [spring-tx-4.1.4.RELEASE.jar:4.1.4.RELEASE]
	at org.springframework.transaction.support.AbstractPlatformTransactionManager.processCommit(AbstractPlatformTransactionManager.java:807) [spring-tx-4.1.4.RELEASE.jar:4.1.4.RELEASE]
	at org.springframework.transaction.support.AbstractPlatformTransactionManager.commit(AbstractPlatformTransactionManager.java:726) [spring-tx-4.1.4.RELEASE.jar:4.1.4.RELEASE]
	at org.springframework.transaction.interceptor.TransactionAspectSupport.commitTransactionAfterReturning(TransactionAspectSupport.java:515) [spring-tx-4.1.4.RELEASE.jar:4.1.4.RELEASE]
	at org.springframework.transaction.interceptor.TransactionAspectSupport.invokeWithinTransaction(TransactionAspectSupport.java:291) [spring-tx-4.1.4.RELEASE.jar:4.1.4.RELEASE]
	at org.springframework.transaction.interceptor.TransactionInterceptor.invoke(TransactionInterceptor.java:96) [spring-tx-4.1.4.RELEASE.jar:4.1.4.RELEASE]
	at org.springframework.aop.framework.ReflectiveMethodInvocation.proceed(ReflectiveMethodInvocation.java:179) [spring-aop-4.1.4.RELEASE.jar:4.1.4.RELEASE]
	at org.springframework.aop.framework.JdkDynamicAopProxy.invoke(JdkDynamicAopProxy.java:207) [spring-aop-4.1.4.RELEASE.jar:4.1.4.RELEASE]
	at com.sun.proxy.$Proxy25.saveOfficialAccount(Unknown Source) [na:na]
	at com.hiro.spider.process.SouGouOfficialAccountJob.getPublicNumbers(SouGouOfficialAccountJob.java:61) [classes/:na]
	at com.hiro.spider.process.SouGouOfficialAccountJob.start(SouGouOfficialAccountJob.java:54) [classes/:na]
	at sun.reflect.NativeMethodAccessorImpl.invoke0(Native Method) ~[na:1.8.0_60]
	at sun.reflect.NativeMethodAccessorImpl.invoke(NativeMethodAccessorImpl.java:62) ~[na:1.8.0_60]
	at sun.reflect.DelegatingMethodAccessorImpl.invoke(DelegatingMethodAccessorImpl.java:43) ~[na:1.8.0_60]
	at java.lang.reflect.Method.invoke(Method.java:497) ~[na:1.8.0_60]
	at org.springframework.scheduling.support.ScheduledMethodRunnable.run(ScheduledMethodRunnable.java:65) [spring-context-4.1.4.RELEASE.jar:4.1.4.RELEASE]
	at org.springframework.scheduling.support.DelegatingErrorHandlingRunnable.run(DelegatingErrorHandlingRunnable.java:54) [spring-context-4.1.4.RELEASE.jar:4.1.4.RELEASE]
	at java.util.concurrent.Executors$RunnableAdapter.call(Executors.java:511) [na:1.8.0_60]
	at java.util.concurrent.FutureTask.runAndReset(FutureTask.java:308) [na:1.8.0_60]
	at java.util.concurrent.ScheduledThreadPoolExecutor$ScheduledFutureTask.access$301(ScheduledThreadPoolExecutor.java:180) [na:1.8.0_60]
	at java.util.concurrent.ScheduledThreadPoolExecutor$ScheduledFutureTask.run(ScheduledThreadPoolExecutor.java:294) [na:1.8.0_60]
	at java.util.concurrent.ThreadPoolExecutor.runWorker(ThreadPoolExecutor.java:1142) [na:1.8.0_60]
	at java.util.concurrent.ThreadPoolExecutor$Worker.run(ThreadPoolExecutor.java:617) [na:1.8.0_60]
	at java.lang.Thread.run(Thread.java:745) [na:1.8.0_60]

21851522[15/11/01 06:04:23]==>[ip=, forwardedFor=,ref=, ua=, sid=]
  WARN  o.a.commons.dbcp2.BasicDataSource - An internal object pool swallowed an Exception.org.apache.commons.dbcp2.LifetimeExceededException: The lifetime of the connection [3,627,411] milliseconds exceeds the maximum permitted value of [3,600,000] milliseconds
	at org.apache.commons.dbcp2.PoolableConnectionFactory.validateLifetime(PoolableConnectionFactory.java:424) ~[commons-dbcp2-2.1.jar:2.1]
	at org.apache.commons.dbcp2.PoolableConnectionFactory.passivateObject(PoolableConnectionFactory.java:364) ~[commons-dbcp2-2.1.jar:2.1]
	at org.apache.commons.pool2.impl.GenericObjectPool.returnObject(GenericObjectPool.java:581) ~[commons-pool2-2.3.jar:2.3]
	at org.apache.commons.dbcp2.PoolableConnection.close(PoolableConnection.java:206) [commons-dbcp2-2.1.jar:2.1]
	at org.apache.commons.dbcp2.DelegatingConnection.closeInternal(DelegatingConnection.java:235) [commons-dbcp2-2.1.jar:2.1]
	at org.apache.commons.dbcp2.DelegatingConnection.close(DelegatingConnection.java:218) [commons-dbcp2-2.1.jar:2.1]
	at org.apache.commons.dbcp2.PoolingDataSource$PoolGuardConnectionWrapper.close(PoolingDataSource.java:244) [commons-dbcp2-2.1.jar:2.1]
	at org.springframework.jdbc.datasource.DataSourceUtils.doCloseConnection(DataSourceUtils.java:341) [spring-jdbc-4.1.4.RELEASE.jar:4.1.4.RELEASE]
	at org.springframework.jdbc.datasource.DataSourceUtils.doReleaseConnection(DataSourceUtils.java:328) [spring-jdbc-4.1.4.RELEASE.jar:4.1.4.RELEASE]
	at org.springframework.jdbc.datasource.DataSourceUtils.releaseConnection(DataSourceUtils.java:294) [spring-jdbc-4.1.4.RELEASE.jar:4.1.4.RELEASE]
	at org.springframework.jdbc.datasource.DataSourceTransactionManager.doCleanupAfterCompletion(DataSourceTransactionManager.java:329) [spring-jdbc-4.1.4.RELEASE.jar:4.1.4.RELEASE]
	at org.springframework.transaction.support.AbstractPlatformTransactionManager.cleanupAfterCompletion(AbstractPlatformTransactionManager.java:1012) [spring-tx-4.1.4.RELEASE.jar:4.1.4.RELEASE]
	at org.springframework.transaction.support.AbstractPlatformTransactionManager.processCommit(AbstractPlatformTransactionManager.java:807) [spring-tx-4.1.4.RELEASE.jar:4.1.4.RELEASE]
	at org.springframework.transaction.support.AbstractPlatformTransactionManager.commit(AbstractPlatformTransactionManager.java:726) [spring-tx-4.1.4.RELEASE.jar:4.1.4.RELEASE]
	at org.springframework.transaction.interceptor.TransactionAspectSupport.commitTransactionAfterReturning(TransactionAspectSupport.java:515) [spring-tx-4.1.4.RELEASE.jar:4.1.4.RELEASE]
	at org.springframework.transaction.interceptor.TransactionAspectSupport.invokeWithinTransaction(TransactionAspectSupport.java:291) [spring-tx-4.1.4.RELEASE.jar:4.1.4.RELEASE]
	at org.springframework.transaction.interceptor.TransactionInterceptor.invoke(TransactionInterceptor.java:96) [spring-tx-4.1.4.RELEASE.jar:4.1.4.RELEASE]
	at org.springframework.aop.framework.ReflectiveMethodInvocation.proceed(ReflectiveMethodInvocation.java:179) [spring-aop-4.1.4.RELEASE.jar:4.1.4.RELEASE]
	at org.springframework.aop.framework.JdkDynamicAopProxy.invoke(JdkDynamicAopProxy.java:207) [spring-aop-4.1.4.RELEASE.jar:4.1.4.RELEASE]
	at com.sun.proxy.$Proxy25.saveOfficialAccount(Unknown Source) [na:na]
	at com.hiro.spider.process.SouGouOfficialAccountJob.getPublicNumbers(SouGouOfficialAccountJob.java:61) [classes/:na]
	at com.hiro.spider.process.SouGouOfficialAccountJob.start(SouGouOfficialAccountJob.java:54) [classes/:na]
	at sun.reflect.NativeMethodAccessorImpl.invoke0(Native Method) ~[na:1.8.0_60]
	at sun.reflect.NativeMethodAccessorImpl.invoke(NativeMethodAccessorImpl.java:62) ~[na:1.8.0_60]
	at sun.reflect.DelegatingMethodAccessorImpl.invoke(DelegatingMethodAccessorImpl.java:43) ~[na:1.8.0_60]
	at java.lang.reflect.Method.invoke(Method.java:497) ~[na:1.8.0_60]
	at org.springframework.scheduling.support.ScheduledMethodRunnable.run(ScheduledMethodRunnable.java:65) [spring-context-4.1.4.RELEASE.jar:4.1.4.RELEASE]
	at org.springframework.scheduling.support.DelegatingErrorHandlingRunnable.run(DelegatingErrorHandlingRunnable.java:54) [spring-context-4.1.4.RELEASE.jar:4.1.4.RELEASE]
	at java.util.concurrent.Executors$RunnableAdapter.call(Executors.java:511) [na:1.8.0_60]
	at java.util.concurrent.FutureTask.runAndReset(FutureTask.java:308) [na:1.8.0_60]
	at java.util.concurrent.ScheduledThreadPoolExecutor$ScheduledFutureTask.access$301(ScheduledThreadPoolExecutor.java:180) [na:1.8.0_60]
	at java.util.concurrent.ScheduledThreadPoolExecutor$ScheduledFutureTask.run(ScheduledThreadPoolExecutor.java:294) [na:1.8.0_60]
	at java.util.concurrent.ThreadPoolExecutor.runWorker(ThreadPoolExecutor.java:1142) [na:1.8.0_60]
	at java.util.concurrent.ThreadPoolExecutor$Worker.run(ThreadPoolExecutor.java:617) [na:1.8.0_60]
	at java.lang.Thread.run(Thread.java:745) [na:1.8.0_60]

21883349[15/11/01 06:04:55]==>[ip=, forwardedFor=,ref=, ua=, sid=]
  WARN  o.a.commons.dbcp2.BasicDataSource - An internal object pool swallowed an Exception.org.apache.commons.dbcp2.LifetimeExceededException: The lifetime of the connection [3,627,584] milliseconds exceeds the maximum permitted value of [3,600,000] milliseconds
	at org.apache.commons.dbcp2.PoolableConnectionFactory.validateLifetime(PoolableConnectionFactory.java:424) ~[commons-dbcp2-2.1.jar:2.1]
	at org.apache.commons.dbcp2.PoolableConnectionFactory.passivateObject(PoolableConnectionFactory.java:364) ~[commons-dbcp2-2.1.jar:2.1]
	at org.apache.commons.pool2.impl.GenericObjectPool.returnObject(GenericObjectPool.java:581) ~[commons-pool2-2.3.jar:2.3]
	at org.apache.commons.dbcp2.PoolableConnection.close(PoolableConnection.java:206) [commons-dbcp2-2.1.jar:2.1]
	at org.apache.commons.dbcp2.DelegatingConnection.closeInternal(DelegatingConnection.java:235) [commons-dbcp2-2.1.jar:2.1]
	at org.apache.commons.dbcp2.DelegatingConnection.close(DelegatingConnection.java:218) [commons-dbcp2-2.1.jar:2.1]
	at org.apache.commons.dbcp2.PoolingDataSource$PoolGuardConnectionWrapper.close(PoolingDataSource.java:244) [commons-dbcp2-2.1.jar:2.1]
	at org.springframework.jdbc.datasource.DataSourceUtils.doCloseConnection(DataSourceUtils.java:341) [spring-jdbc-4.1.4.RELEASE.jar:4.1.4.RELEASE]
	at org.springframework.jdbc.datasource.DataSourceUtils.doReleaseConnection(DataSourceUtils.java:328) [spring-jdbc-4.1.4.RELEASE.jar:4.1.4.RELEASE]
	at org.springframework.jdbc.datasource.DataSourceUtils.releaseConnection(DataSourceUtils.java:294) [spring-jdbc-4.1.4.RELEASE.jar:4.1.4.RELEASE]
	at org.springframework.jdbc.datasource.DataSourceTransactionManager.doCleanupAfterCompletion(DataSourceTransactionManager.java:329) [spring-jdbc-4.1.4.RELEASE.jar:4.1.4.RELEASE]
	at org.springframework.transaction.support.AbstractPlatformTransactionManager.cleanupAfterCompletion(AbstractPlatformTransactionManager.java:1012) [spring-tx-4.1.4.RELEASE.jar:4.1.4.RELEASE]
	at org.springframework.transaction.support.AbstractPlatformTransactionManager.processCommit(AbstractPlatformTransactionManager.java:807) [spring-tx-4.1.4.RELEASE.jar:4.1.4.RELEASE]
	at org.springframework.transaction.support.AbstractPlatformTransactionManager.commit(AbstractPlatformTransactionManager.java:726) [spring-tx-4.1.4.RELEASE.jar:4.1.4.RELEASE]
	at org.springframework.transaction.interceptor.TransactionAspectSupport.commitTransactionAfterReturning(TransactionAspectSupport.java:515) [spring-tx-4.1.4.RELEASE.jar:4.1.4.RELEASE]
	at org.springframework.transaction.interceptor.TransactionAspectSupport.invokeWithinTransaction(TransactionAspectSupport.java:291) [spring-tx-4.1.4.RELEASE.jar:4.1.4.RELEASE]
	at org.springframework.transaction.interceptor.TransactionInterceptor.invoke(TransactionInterceptor.java:96) [spring-tx-4.1.4.RELEASE.jar:4.1.4.RELEASE]
	at org.springframework.aop.framework.ReflectiveMethodInvocation.proceed(ReflectiveMethodInvocation.java:179) [spring-aop-4.1.4.RELEASE.jar:4.1.4.RELEASE]
	at org.springframework.aop.framework.JdkDynamicAopProxy.invoke(JdkDynamicAopProxy.java:207) [spring-aop-4.1.4.RELEASE.jar:4.1.4.RELEASE]
	at com.sun.proxy.$Proxy25.saveOfficialAccount(Unknown Source) [na:na]
	at com.hiro.spider.process.SouGouOfficialAccountJob.getPublicNumbers(SouGouOfficialAccountJob.java:61) [classes/:na]
	at com.hiro.spider.process.SouGouOfficialAccountJob.start(SouGouOfficialAccountJob.java:54) [classes/:na]
	at sun.reflect.NativeMethodAccessorImpl.invoke0(Native Method) ~[na:1.8.0_60]
	at sun.reflect.NativeMethodAccessorImpl.invoke(NativeMethodAccessorImpl.java:62) ~[na:1.8.0_60]
	at sun.reflect.DelegatingMethodAccessorImpl.invoke(DelegatingMethodAccessorImpl.java:43) ~[na:1.8.0_60]
	at java.lang.reflect.Method.invoke(Method.java:497) ~[na:1.8.0_60]
	at org.springframework.scheduling.support.ScheduledMethodRunnable.run(ScheduledMethodRunnable.java:65) [spring-context-4.1.4.RELEASE.jar:4.1.4.RELEASE]
	at org.springframework.scheduling.support.DelegatingErrorHandlingRunnable.run(DelegatingErrorHandlingRunnable.java:54) [spring-context-4.1.4.RELEASE.jar:4.1.4.RELEASE]
	at java.util.concurrent.Executors$RunnableAdapter.call(Executors.java:511) [na:1.8.0_60]
	at java.util.concurrent.FutureTask.runAndReset(FutureTask.java:308) [na:1.8.0_60]
	at java.util.concurrent.ScheduledThreadPoolExecutor$ScheduledFutureTask.access$301(ScheduledThreadPoolExecutor.java:180) [na:1.8.0_60]
	at java.util.concurrent.ScheduledThreadPoolExecutor$ScheduledFutureTask.run(ScheduledThreadPoolExecutor.java:294) [na:1.8.0_60]
	at java.util.concurrent.ThreadPoolExecutor.runWorker(ThreadPoolExecutor.java:1142) [na:1.8.0_60]
	at java.util.concurrent.ThreadPoolExecutor$Worker.run(ThreadPoolExecutor.java:617) [na:1.8.0_60]
	at java.lang.Thread.run(Thread.java:745) [na:1.8.0_60]

25510064[15/11/01 07:05:22]==>[ip=, forwardedFor=,ref=, ua=, sid=]
  WARN  o.a.commons.dbcp2.BasicDataSource - An internal object pool swallowed an Exception.org.apache.commons.dbcp2.LifetimeExceededException: The lifetime of the connection [3,627,184] milliseconds exceeds the maximum permitted value of [3,600,000] milliseconds
	at org.apache.commons.dbcp2.PoolableConnectionFactory.validateLifetime(PoolableConnectionFactory.java:424) ~[commons-dbcp2-2.1.jar:2.1]
	at org.apache.commons.dbcp2.PoolableConnectionFactory.passivateObject(PoolableConnectionFactory.java:364) ~[commons-dbcp2-2.1.jar:2.1]
	at org.apache.commons.pool2.impl.GenericObjectPool.returnObject(GenericObjectPool.java:581) ~[commons-pool2-2.3.jar:2.3]
	at org.apache.commons.dbcp2.PoolableConnection.close(PoolableConnection.java:206) [commons-dbcp2-2.1.jar:2.1]
	at org.apache.commons.dbcp2.DelegatingConnection.closeInternal(DelegatingConnection.java:235) [commons-dbcp2-2.1.jar:2.1]
	at org.apache.commons.dbcp2.DelegatingConnection.close(DelegatingConnection.java:218) [commons-dbcp2-2.1.jar:2.1]
	at org.apache.commons.dbcp2.PoolingDataSource$PoolGuardConnectionWrapper.close(PoolingDataSource.java:244) [commons-dbcp2-2.1.jar:2.1]
	at org.springframework.jdbc.datasource.DataSourceUtils.doCloseConnection(DataSourceUtils.java:341) [spring-jdbc-4.1.4.RELEASE.jar:4.1.4.RELEASE]
	at org.springframework.jdbc.datasource.DataSourceUtils.doReleaseConnection(DataSourceUtils.java:328) [spring-jdbc-4.1.4.RELEASE.jar:4.1.4.RELEASE]
	at org.springframework.jdbc.datasource.DataSourceUtils.releaseConnection(DataSourceUtils.java:294) [spring-jdbc-4.1.4.RELEASE.jar:4.1.4.RELEASE]
	at org.springframework.jdbc.datasource.DataSourceTransactionManager.doCleanupAfterCompletion(DataSourceTransactionManager.java:329) [spring-jdbc-4.1.4.RELEASE.jar:4.1.4.RELEASE]
	at org.springframework.transaction.support.AbstractPlatformTransactionManager.cleanupAfterCompletion(AbstractPlatformTransactionManager.java:1012) [spring-tx-4.1.4.RELEASE.jar:4.1.4.RELEASE]
	at org.springframework.transaction.support.AbstractPlatformTransactionManager.processCommit(AbstractPlatformTransactionManager.java:807) [spring-tx-4.1.4.RELEASE.jar:4.1.4.RELEASE]
	at org.springframework.transaction.support.AbstractPlatformTransactionManager.commit(AbstractPlatformTransactionManager.java:726) [spring-tx-4.1.4.RELEASE.jar:4.1.4.RELEASE]
	at org.springframework.transaction.interceptor.TransactionAspectSupport.commitTransactionAfterReturning(TransactionAspectSupport.java:515) [spring-tx-4.1.4.RELEASE.jar:4.1.4.RELEASE]
	at org.springframework.transaction.interceptor.TransactionAspectSupport.invokeWithinTransaction(TransactionAspectSupport.java:291) [spring-tx-4.1.4.RELEASE.jar:4.1.4.RELEASE]
	at org.springframework.transaction.interceptor.TransactionInterceptor.invoke(TransactionInterceptor.java:96) [spring-tx-4.1.4.RELEASE.jar:4.1.4.RELEASE]
	at org.springframework.aop.framework.ReflectiveMethodInvocation.proceed(ReflectiveMethodInvocation.java:179) [spring-aop-4.1.4.RELEASE.jar:4.1.4.RELEASE]
	at org.springframework.aop.framework.JdkDynamicAopProxy.invoke(JdkDynamicAopProxy.java:207) [spring-aop-4.1.4.RELEASE.jar:4.1.4.RELEASE]
	at com.sun.proxy.$Proxy25.saveOfficialAccount(Unknown Source) [na:na]
	at com.hiro.spider.process.SouGouOfficialAccountJob.getPublicNumbers(SouGouOfficialAccountJob.java:61) [classes/:na]
	at com.hiro.spider.process.SouGouOfficialAccountJob.start(SouGouOfficialAccountJob.java:54) [classes/:na]
	at sun.reflect.NativeMethodAccessorImpl.invoke0(Native Method) ~[na:1.8.0_60]
	at sun.reflect.NativeMethodAccessorImpl.invoke(NativeMethodAccessorImpl.java:62) ~[na:1.8.0_60]
	at sun.reflect.DelegatingMethodAccessorImpl.invoke(DelegatingMethodAccessorImpl.java:43) ~[na:1.8.0_60]
	at java.lang.reflect.Method.invoke(Method.java:497) ~[na:1.8.0_60]
	at org.springframework.scheduling.support.ScheduledMethodRunnable.run(ScheduledMethodRunnable.java:65) [spring-context-4.1.4.RELEASE.jar:4.1.4.RELEASE]
	at org.springframework.scheduling.support.DelegatingErrorHandlingRunnable.run(DelegatingErrorHandlingRunnable.java:54) [spring-context-4.1.4.RELEASE.jar:4.1.4.RELEASE]
	at java.util.concurrent.Executors$RunnableAdapter.call(Executors.java:511) [na:1.8.0_60]
	at java.util.concurrent.FutureTask.runAndReset(FutureTask.java:308) [na:1.8.0_60]
	at java.util.concurrent.ScheduledThreadPoolExecutor$ScheduledFutureTask.access$301(ScheduledThreadPoolExecutor.java:180) [na:1.8.0_60]
	at java.util.concurrent.ScheduledThreadPoolExecutor$ScheduledFutureTask.run(ScheduledThreadPoolExecutor.java:294) [na:1.8.0_60]
	at java.util.concurrent.ThreadPoolExecutor.runWorker(ThreadPoolExecutor.java:1142) [na:1.8.0_60]
	at java.util.concurrent.ThreadPoolExecutor$Worker.run(ThreadPoolExecutor.java:617) [na:1.8.0_60]
	at java.lang.Thread.run(Thread.java:745) [na:1.8.0_60]

25541794[15/11/01 07:05:53]==>[ip=, forwardedFor=,ref=, ua=, sid=]
  WARN  o.a.commons.dbcp2.BasicDataSource - An internal object pool swallowed an Exception.org.apache.commons.dbcp2.LifetimeExceededException: The lifetime of the connection [3,627,019] milliseconds exceeds the maximum permitted value of [3,600,000] milliseconds
	at org.apache.commons.dbcp2.PoolableConnectionFactory.validateLifetime(PoolableConnectionFactory.java:424) ~[commons-dbcp2-2.1.jar:2.1]
	at org.apache.commons.dbcp2.PoolableConnectionFactory.passivateObject(PoolableConnectionFactory.java:364) ~[commons-dbcp2-2.1.jar:2.1]
	at org.apache.commons.pool2.impl.GenericObjectPool.returnObject(GenericObjectPool.java:581) ~[commons-pool2-2.3.jar:2.3]
	at org.apache.commons.dbcp2.PoolableConnection.close(PoolableConnection.java:206) [commons-dbcp2-2.1.jar:2.1]
	at org.apache.commons.dbcp2.DelegatingConnection.closeInternal(DelegatingConnection.java:235) [commons-dbcp2-2.1.jar:2.1]
	at org.apache.commons.dbcp2.DelegatingConnection.close(DelegatingConnection.java:218) [commons-dbcp2-2.1.jar:2.1]
	at org.apache.commons.dbcp2.PoolingDataSource$PoolGuardConnectionWrapper.close(PoolingDataSource.java:244) [commons-dbcp2-2.1.jar:2.1]
	at org.springframework.jdbc.datasource.DataSourceUtils.doCloseConnection(DataSourceUtils.java:341) [spring-jdbc-4.1.4.RELEASE.jar:4.1.4.RELEASE]
	at org.springframework.jdbc.datasource.DataSourceUtils.doReleaseConnection(DataSourceUtils.java:328) [spring-jdbc-4.1.4.RELEASE.jar:4.1.4.RELEASE]
	at org.springframework.jdbc.datasource.DataSourceUtils.releaseConnection(DataSourceUtils.java:294) [spring-jdbc-4.1.4.RELEASE.jar:4.1.4.RELEASE]
	at org.springframework.jdbc.datasource.DataSourceTransactionManager.doCleanupAfterCompletion(DataSourceTransactionManager.java:329) [spring-jdbc-4.1.4.RELEASE.jar:4.1.4.RELEASE]
	at org.springframework.transaction.support.AbstractPlatformTransactionManager.cleanupAfterCompletion(AbstractPlatformTransactionManager.java:1012) [spring-tx-4.1.4.RELEASE.jar:4.1.4.RELEASE]
	at org.springframework.transaction.support.AbstractPlatformTransactionManager.processCommit(AbstractPlatformTransactionManager.java:807) [spring-tx-4.1.4.RELEASE.jar:4.1.4.RELEASE]
	at org.springframework.transaction.support.AbstractPlatformTransactionManager.commit(AbstractPlatformTransactionManager.java:726) [spring-tx-4.1.4.RELEASE.jar:4.1.4.RELEASE]
	at org.springframework.transaction.interceptor.TransactionAspectSupport.commitTransactionAfterReturning(TransactionAspectSupport.java:515) [spring-tx-4.1.4.RELEASE.jar:4.1.4.RELEASE]
	at org.springframework.transaction.interceptor.TransactionAspectSupport.invokeWithinTransaction(TransactionAspectSupport.java:291) [spring-tx-4.1.4.RELEASE.jar:4.1.4.RELEASE]
	at org.springframework.transaction.interceptor.TransactionInterceptor.invoke(TransactionInterceptor.java:96) [spring-tx-4.1.4.RELEASE.jar:4.1.4.RELEASE]
	at org.springframework.aop.framework.ReflectiveMethodInvocation.proceed(ReflectiveMethodInvocation.java:179) [spring-aop-4.1.4.RELEASE.jar:4.1.4.RELEASE]
	at org.springframework.aop.framework.JdkDynamicAopProxy.invoke(JdkDynamicAopProxy.java:207) [spring-aop-4.1.4.RELEASE.jar:4.1.4.RELEASE]
	at com.sun.proxy.$Proxy25.saveOfficialAccount(Unknown Source) [na:na]
	at com.hiro.spider.process.SouGouOfficialAccountJob.getPublicNumbers(SouGouOfficialAccountJob.java:61) [classes/:na]
	at com.hiro.spider.process.SouGouOfficialAccountJob.start(SouGouOfficialAccountJob.java:54) [classes/:na]
	at sun.reflect.NativeMethodAccessorImpl.invoke0(Native Method) ~[na:1.8.0_60]
	at sun.reflect.NativeMethodAccessorImpl.invoke(NativeMethodAccessorImpl.java:62) ~[na:1.8.0_60]
	at sun.reflect.DelegatingMethodAccessorImpl.invoke(DelegatingMethodAccessorImpl.java:43) ~[na:1.8.0_60]
	at java.lang.reflect.Method.invoke(Method.java:497) ~[na:1.8.0_60]
	at org.springframework.scheduling.support.ScheduledMethodRunnable.run(ScheduledMethodRunnable.java:65) [spring-context-4.1.4.RELEASE.jar:4.1.4.RELEASE]
	at org.springframework.scheduling.support.DelegatingErrorHandlingRunnable.run(DelegatingErrorHandlingRunnable.java:54) [spring-context-4.1.4.RELEASE.jar:4.1.4.RELEASE]
	at java.util.concurrent.Executors$RunnableAdapter.call(Executors.java:511) [na:1.8.0_60]
	at java.util.concurrent.FutureTask.runAndReset(FutureTask.java:308) [na:1.8.0_60]
	at java.util.concurrent.ScheduledThreadPoolExecutor$ScheduledFutureTask.access$301(ScheduledThreadPoolExecutor.java:180) [na:1.8.0_60]
	at java.util.concurrent.ScheduledThreadPoolExecutor$ScheduledFutureTask.run(ScheduledThreadPoolExecutor.java:294) [na:1.8.0_60]
	at java.util.concurrent.ThreadPoolExecutor.runWorker(ThreadPoolExecutor.java:1142) [na:1.8.0_60]
	at java.util.concurrent.ThreadPoolExecutor$Worker.run(ThreadPoolExecutor.java:617) [na:1.8.0_60]
	at java.lang.Thread.run(Thread.java:745) [na:1.8.0_60]

29169286[15/11/01 08:06:21]==>[ip=, forwardedFor=,ref=, ua=, sid=]
  WARN  o.a.commons.dbcp2.BasicDataSource - An internal object pool swallowed an Exception.org.apache.commons.dbcp2.LifetimeExceededException: The lifetime of the connection [3,627,937] milliseconds exceeds the maximum permitted value of [3,600,000] milliseconds
	at org.apache.commons.dbcp2.PoolableConnectionFactory.validateLifetime(PoolableConnectionFactory.java:424) ~[commons-dbcp2-2.1.jar:2.1]
	at org.apache.commons.dbcp2.PoolableConnectionFactory.passivateObject(PoolableConnectionFactory.java:364) ~[commons-dbcp2-2.1.jar:2.1]
	at org.apache.commons.pool2.impl.GenericObjectPool.returnObject(GenericObjectPool.java:581) ~[commons-pool2-2.3.jar:2.3]
	at org.apache.commons.dbcp2.PoolableConnection.close(PoolableConnection.java:206) [commons-dbcp2-2.1.jar:2.1]
	at org.apache.commons.dbcp2.DelegatingConnection.closeInternal(DelegatingConnection.java:235) [commons-dbcp2-2.1.jar:2.1]
	at org.apache.commons.dbcp2.DelegatingConnection.close(DelegatingConnection.java:218) [commons-dbcp2-2.1.jar:2.1]
	at org.apache.commons.dbcp2.PoolingDataSource$PoolGuardConnectionWrapper.close(PoolingDataSource.java:244) [commons-dbcp2-2.1.jar:2.1]
	at org.springframework.jdbc.datasource.DataSourceUtils.doCloseConnection(DataSourceUtils.java:341) [spring-jdbc-4.1.4.RELEASE.jar:4.1.4.RELEASE]
	at org.springframework.jdbc.datasource.DataSourceUtils.doReleaseConnection(DataSourceUtils.java:328) [spring-jdbc-4.1.4.RELEASE.jar:4.1.4.RELEASE]
	at org.springframework.jdbc.datasource.DataSourceUtils.releaseConnection(DataSourceUtils.java:294) [spring-jdbc-4.1.4.RELEASE.jar:4.1.4.RELEASE]
	at org.springframework.jdbc.datasource.DataSourceTransactionManager.doCleanupAfterCompletion(DataSourceTransactionManager.java:329) [spring-jdbc-4.1.4.RELEASE.jar:4.1.4.RELEASE]
	at org.springframework.transaction.support.AbstractPlatformTransactionManager.cleanupAfterCompletion(AbstractPlatformTransactionManager.java:1012) [spring-tx-4.1.4.RELEASE.jar:4.1.4.RELEASE]
	at org.springframework.transaction.support.AbstractPlatformTransactionManager.processCommit(AbstractPlatformTransactionManager.java:807) [spring-tx-4.1.4.RELEASE.jar:4.1.4.RELEASE]
	at org.springframework.transaction.support.AbstractPlatformTransactionManager.commit(AbstractPlatformTransactionManager.java:726) [spring-tx-4.1.4.RELEASE.jar:4.1.4.RELEASE]
	at org.springframework.transaction.interceptor.TransactionAspectSupport.commitTransactionAfterReturning(TransactionAspectSupport.java:515) [spring-tx-4.1.4.RELEASE.jar:4.1.4.RELEASE]
	at org.springframework.transaction.interceptor.TransactionAspectSupport.invokeWithinTransaction(TransactionAspectSupport.java:291) [spring-tx-4.1.4.RELEASE.jar:4.1.4.RELEASE]
	at org.springframework.transaction.interceptor.TransactionInterceptor.invoke(TransactionInterceptor.java:96) [spring-tx-4.1.4.RELEASE.jar:4.1.4.RELEASE]
	at org.springframework.aop.framework.ReflectiveMethodInvocation.proceed(ReflectiveMethodInvocation.java:179) [spring-aop-4.1.4.RELEASE.jar:4.1.4.RELEASE]
	at org.springframework.aop.framework.JdkDynamicAopProxy.invoke(JdkDynamicAopProxy.java:207) [spring-aop-4.1.4.RELEASE.jar:4.1.4.RELEASE]
	at com.sun.proxy.$Proxy25.saveOfficialAccount(Unknown Source) [na:na]
	at com.hiro.spider.process.SouGouOfficialAccountJob.getPublicNumbers(SouGouOfficialAccountJob.java:61) [classes/:na]
	at com.hiro.spider.process.SouGouOfficialAccountJob.start(SouGouOfficialAccountJob.java:54) [classes/:na]
	at sun.reflect.NativeMethodAccessorImpl.invoke0(Native Method) ~[na:1.8.0_60]
	at sun.reflect.NativeMethodAccessorImpl.invoke(NativeMethodAccessorImpl.java:62) ~[na:1.8.0_60]
	at sun.reflect.DelegatingMethodAccessorImpl.invoke(DelegatingMethodAccessorImpl.java:43) ~[na:1.8.0_60]
	at java.lang.reflect.Method.invoke(Method.java:497) ~[na:1.8.0_60]
	at org.springframework.scheduling.support.ScheduledMethodRunnable.run(ScheduledMethodRunnable.java:65) [spring-context-4.1.4.RELEASE.jar:4.1.4.RELEASE]
	at org.springframework.scheduling.support.DelegatingErrorHandlingRunnable.run(DelegatingErrorHandlingRunnable.java:54) [spring-context-4.1.4.RELEASE.jar:4.1.4.RELEASE]
	at java.util.concurrent.Executors$RunnableAdapter.call(Executors.java:511) [na:1.8.0_60]
	at java.util.concurrent.FutureTask.runAndReset(FutureTask.java:308) [na:1.8.0_60]
	at java.util.concurrent.ScheduledThreadPoolExecutor$ScheduledFutureTask.access$301(ScheduledThreadPoolExecutor.java:180) [na:1.8.0_60]
	at java.util.concurrent.ScheduledThreadPoolExecutor$ScheduledFutureTask.run(ScheduledThreadPoolExecutor.java:294) [na:1.8.0_60]
	at java.util.concurrent.ThreadPoolExecutor.runWorker(ThreadPoolExecutor.java:1142) [na:1.8.0_60]
	at java.util.concurrent.ThreadPoolExecutor$Worker.run(ThreadPoolExecutor.java:617) [na:1.8.0_60]
	at java.lang.Thread.run(Thread.java:745) [na:1.8.0_60]

29201282[15/11/01 08:06:53]==>[ip=, forwardedFor=,ref=, ua=, sid=]
  WARN  o.a.commons.dbcp2.BasicDataSource - An internal object pool swallowed an Exception.org.apache.commons.dbcp2.LifetimeExceededException: The lifetime of the connection [3,628,098] milliseconds exceeds the maximum permitted value of [3,600,000] milliseconds
	at org.apache.commons.dbcp2.PoolableConnectionFactory.validateLifetime(PoolableConnectionFactory.java:424) ~[commons-dbcp2-2.1.jar:2.1]
	at org.apache.commons.dbcp2.PoolableConnectionFactory.passivateObject(PoolableConnectionFactory.java:364) ~[commons-dbcp2-2.1.jar:2.1]
	at org.apache.commons.pool2.impl.GenericObjectPool.returnObject(GenericObjectPool.java:581) ~[commons-pool2-2.3.jar:2.3]
	at org.apache.commons.dbcp2.PoolableConnection.close(PoolableConnection.java:206) [commons-dbcp2-2.1.jar:2.1]
	at org.apache.commons.dbcp2.DelegatingConnection.closeInternal(DelegatingConnection.java:235) [commons-dbcp2-2.1.jar:2.1]
	at org.apache.commons.dbcp2.DelegatingConnection.close(DelegatingConnection.java:218) [commons-dbcp2-2.1.jar:2.1]
	at org.apache.commons.dbcp2.PoolingDataSource$PoolGuardConnectionWrapper.close(PoolingDataSource.java:244) [commons-dbcp2-2.1.jar:2.1]
	at org.springframework.jdbc.datasource.DataSourceUtils.doCloseConnection(DataSourceUtils.java:341) [spring-jdbc-4.1.4.RELEASE.jar:4.1.4.RELEASE]
	at org.springframework.jdbc.datasource.DataSourceUtils.doReleaseConnection(DataSourceUtils.java:328) [spring-jdbc-4.1.4.RELEASE.jar:4.1.4.RELEASE]
	at org.springframework.jdbc.datasource.DataSourceUtils.releaseConnection(DataSourceUtils.java:294) [spring-jdbc-4.1.4.RELEASE.jar:4.1.4.RELEASE]
	at org.springframework.jdbc.datasource.DataSourceTransactionManager.doCleanupAfterCompletion(DataSourceTransactionManager.java:329) [spring-jdbc-4.1.4.RELEASE.jar:4.1.4.RELEASE]
	at org.springframework.transaction.support.AbstractPlatformTransactionManager.cleanupAfterCompletion(AbstractPlatformTransactionManager.java:1012) [spring-tx-4.1.4.RELEASE.jar:4.1.4.RELEASE]
	at org.springframework.transaction.support.AbstractPlatformTransactionManager.processCommit(AbstractPlatformTransactionManager.java:807) [spring-tx-4.1.4.RELEASE.jar:4.1.4.RELEASE]
	at org.springframework.transaction.support.AbstractPlatformTransactionManager.commit(AbstractPlatformTransactionManager.java:726) [spring-tx-4.1.4.RELEASE.jar:4.1.4.RELEASE]
	at org.springframework.transaction.interceptor.TransactionAspectSupport.commitTransactionAfterReturning(TransactionAspectSupport.java:515) [spring-tx-4.1.4.RELEASE.jar:4.1.4.RELEASE]
	at org.springframework.transaction.interceptor.TransactionAspectSupport.invokeWithinTransaction(TransactionAspectSupport.java:291) [spring-tx-4.1.4.RELEASE.jar:4.1.4.RELEASE]
	at org.springframework.transaction.interceptor.TransactionInterceptor.invoke(TransactionInterceptor.java:96) [spring-tx-4.1.4.RELEASE.jar:4.1.4.RELEASE]
	at org.springframework.aop.framework.ReflectiveMethodInvocation.proceed(ReflectiveMethodInvocation.java:179) [spring-aop-4.1.4.RELEASE.jar:4.1.4.RELEASE]
	at org.springframework.aop.framework.JdkDynamicAopProxy.invoke(JdkDynamicAopProxy.java:207) [spring-aop-4.1.4.RELEASE.jar:4.1.4.RELEASE]
	at com.sun.proxy.$Proxy25.saveOfficialAccount(Unknown Source) [na:na]
	at com.hiro.spider.process.SouGouOfficialAccountJob.getPublicNumbers(SouGouOfficialAccountJob.java:61) [classes/:na]
	at com.hiro.spider.process.SouGouOfficialAccountJob.start(SouGouOfficialAccountJob.java:54) [classes/:na]
	at sun.reflect.NativeMethodAccessorImpl.invoke0(Native Method) ~[na:1.8.0_60]
	at sun.reflect.NativeMethodAccessorImpl.invoke(NativeMethodAccessorImpl.java:62) ~[na:1.8.0_60]
	at sun.reflect.DelegatingMethodAccessorImpl.invoke(DelegatingMethodAccessorImpl.java:43) ~[na:1.8.0_60]
	at java.lang.reflect.Method.invoke(Method.java:497) ~[na:1.8.0_60]
	at org.springframework.scheduling.support.ScheduledMethodRunnable.run(ScheduledMethodRunnable.java:65) [spring-context-4.1.4.RELEASE.jar:4.1.4.RELEASE]
	at org.springframework.scheduling.support.DelegatingErrorHandlingRunnable.run(DelegatingErrorHandlingRunnable.java:54) [spring-context-4.1.4.RELEASE.jar:4.1.4.RELEASE]
	at java.util.concurrent.Executors$RunnableAdapter.call(Executors.java:511) [na:1.8.0_60]
	at java.util.concurrent.FutureTask.runAndReset(FutureTask.java:308) [na:1.8.0_60]
	at java.util.concurrent.ScheduledThreadPoolExecutor$ScheduledFutureTask.access$301(ScheduledThreadPoolExecutor.java:180) [na:1.8.0_60]
	at java.util.concurrent.ScheduledThreadPoolExecutor$ScheduledFutureTask.run(ScheduledThreadPoolExecutor.java:294) [na:1.8.0_60]
	at java.util.concurrent.ThreadPoolExecutor.runWorker(ThreadPoolExecutor.java:1142) [na:1.8.0_60]
	at java.util.concurrent.ThreadPoolExecutor$Worker.run(ThreadPoolExecutor.java:617) [na:1.8.0_60]
	at java.lang.Thread.run(Thread.java:745) [na:1.8.0_60]

32829942[15/11/01 09:07:22]==>[ip=, forwardedFor=,ref=, ua=, sid=]
  WARN  o.a.commons.dbcp2.BasicDataSource - An internal object pool swallowed an Exception.org.apache.commons.dbcp2.LifetimeExceededException: The lifetime of the connection [3,629,077] milliseconds exceeds the maximum permitted value of [3,600,000] milliseconds
	at org.apache.commons.dbcp2.PoolableConnectionFactory.validateLifetime(PoolableConnectionFactory.java:424) ~[commons-dbcp2-2.1.jar:2.1]
	at org.apache.commons.dbcp2.PoolableConnectionFactory.passivateObject(PoolableConnectionFactory.java:364) ~[commons-dbcp2-2.1.jar:2.1]
	at org.apache.commons.pool2.impl.GenericObjectPool.returnObject(GenericObjectPool.java:581) ~[commons-pool2-2.3.jar:2.3]
	at org.apache.commons.dbcp2.PoolableConnection.close(PoolableConnection.java:206) [commons-dbcp2-2.1.jar:2.1]
	at org.apache.commons.dbcp2.DelegatingConnection.closeInternal(DelegatingConnection.java:235) [commons-dbcp2-2.1.jar:2.1]
	at org.apache.commons.dbcp2.DelegatingConnection.close(DelegatingConnection.java:218) [commons-dbcp2-2.1.jar:2.1]
	at org.apache.commons.dbcp2.PoolingDataSource$PoolGuardConnectionWrapper.close(PoolingDataSource.java:244) [commons-dbcp2-2.1.jar:2.1]
	at org.springframework.jdbc.datasource.DataSourceUtils.doCloseConnection(DataSourceUtils.java:341) [spring-jdbc-4.1.4.RELEASE.jar:4.1.4.RELEASE]
	at org.springframework.jdbc.datasource.DataSourceUtils.doReleaseConnection(DataSourceUtils.java:328) [spring-jdbc-4.1.4.RELEASE.jar:4.1.4.RELEASE]
	at org.springframework.jdbc.datasource.DataSourceUtils.releaseConnection(DataSourceUtils.java:294) [spring-jdbc-4.1.4.RELEASE.jar:4.1.4.RELEASE]
	at org.springframework.jdbc.datasource.DataSourceTransactionManager.doCleanupAfterCompletion(DataSourceTransactionManager.java:329) [spring-jdbc-4.1.4.RELEASE.jar:4.1.4.RELEASE]
	at org.springframework.transaction.support.AbstractPlatformTransactionManager.cleanupAfterCompletion(AbstractPlatformTransactionManager.java:1012) [spring-tx-4.1.4.RELEASE.jar:4.1.4.RELEASE]
	at org.springframework.transaction.support.AbstractPlatformTransactionManager.processCommit(AbstractPlatformTransactionManager.java:807) [spring-tx-4.1.4.RELEASE.jar:4.1.4.RELEASE]
	at org.springframework.transaction.support.AbstractPlatformTransactionManager.commit(AbstractPlatformTransactionManager.java:726) [spring-tx-4.1.4.RELEASE.jar:4.1.4.RELEASE]
	at org.springframework.transaction.interceptor.TransactionAspectSupport.commitTransactionAfterReturning(TransactionAspectSupport.java:515) [spring-tx-4.1.4.RELEASE.jar:4.1.4.RELEASE]
	at org.springframework.transaction.interceptor.TransactionAspectSupport.invokeWithinTransaction(TransactionAspectSupport.java:291) [spring-tx-4.1.4.RELEASE.jar:4.1.4.RELEASE]
	at org.springframework.transaction.interceptor.TransactionInterceptor.invoke(TransactionInterceptor.java:96) [spring-tx-4.1.4.RELEASE.jar:4.1.4.RELEASE]
	at org.springframework.aop.framework.ReflectiveMethodInvocation.proceed(ReflectiveMethodInvocation.java:179) [spring-aop-4.1.4.RELEASE.jar:4.1.4.RELEASE]
	at org.springframework.aop.framework.JdkDynamicAopProxy.invoke(JdkDynamicAopProxy.java:207) [spring-aop-4.1.4.RELEASE.jar:4.1.4.RELEASE]
	at com.sun.proxy.$Proxy25.saveOfficialAccount(Unknown Source) [na:na]
	at com.hiro.spider.process.SouGouOfficialAccountJob.getPublicNumbers(SouGouOfficialAccountJob.java:61) [classes/:na]
	at com.hiro.spider.process.SouGouOfficialAccountJob.start(SouGouOfficialAccountJob.java:54) [classes/:na]
	at sun.reflect.NativeMethodAccessorImpl.invoke0(Native Method) ~[na:1.8.0_60]
	at sun.reflect.NativeMethodAccessorImpl.invoke(NativeMethodAccessorImpl.java:62) ~[na:1.8.0_60]
	at sun.reflect.DelegatingMethodAccessorImpl.invoke(DelegatingMethodAccessorImpl.java:43) ~[na:1.8.0_60]
	at java.lang.reflect.Method.invoke(Method.java:497) ~[na:1.8.0_60]
	at org.springframework.scheduling.support.ScheduledMethodRunnable.run(ScheduledMethodRunnable.java:65) [spring-context-4.1.4.RELEASE.jar:4.1.4.RELEASE]
	at org.springframework.scheduling.support.DelegatingErrorHandlingRunnable.run(DelegatingErrorHandlingRunnable.java:54) [spring-context-4.1.4.RELEASE.jar:4.1.4.RELEASE]
	at java.util.concurrent.Executors$RunnableAdapter.call(Executors.java:511) [na:1.8.0_60]
	at java.util.concurrent.FutureTask.runAndReset(FutureTask.java:308) [na:1.8.0_60]
	at java.util.concurrent.ScheduledThreadPoolExecutor$ScheduledFutureTask.access$301(ScheduledThreadPoolExecutor.java:180) [na:1.8.0_60]
	at java.util.concurrent.ScheduledThreadPoolExecutor$ScheduledFutureTask.run(ScheduledThreadPoolExecutor.java:294) [na:1.8.0_60]
	at java.util.concurrent.ThreadPoolExecutor.runWorker(ThreadPoolExecutor.java:1142) [na:1.8.0_60]
	at java.util.concurrent.ThreadPoolExecutor$Worker.run(ThreadPoolExecutor.java:617) [na:1.8.0_60]
	at java.lang.Thread.run(Thread.java:745) [na:1.8.0_60]

32860775[15/11/01 09:07:52]==>[ip=, forwardedFor=,ref=, ua=, sid=]
  WARN  o.a.commons.dbcp2.BasicDataSource - An internal object pool swallowed an Exception.org.apache.commons.dbcp2.LifetimeExceededException: The lifetime of the connection [3,627,829] milliseconds exceeds the maximum permitted value of [3,600,000] milliseconds
	at org.apache.commons.dbcp2.PoolableConnectionFactory.validateLifetime(PoolableConnectionFactory.java:424) ~[commons-dbcp2-2.1.jar:2.1]
	at org.apache.commons.dbcp2.PoolableConnectionFactory.passivateObject(PoolableConnectionFactory.java:364) ~[commons-dbcp2-2.1.jar:2.1]
	at org.apache.commons.pool2.impl.GenericObjectPool.returnObject(GenericObjectPool.java:581) ~[commons-pool2-2.3.jar:2.3]
	at org.apache.commons.dbcp2.PoolableConnection.close(PoolableConnection.java:206) [commons-dbcp2-2.1.jar:2.1]
	at org.apache.commons.dbcp2.DelegatingConnection.closeInternal(DelegatingConnection.java:235) [commons-dbcp2-2.1.jar:2.1]
	at org.apache.commons.dbcp2.DelegatingConnection.close(DelegatingConnection.java:218) [commons-dbcp2-2.1.jar:2.1]
	at org.apache.commons.dbcp2.PoolingDataSource$PoolGuardConnectionWrapper.close(PoolingDataSource.java:244) [commons-dbcp2-2.1.jar:2.1]
	at org.springframework.jdbc.datasource.DataSourceUtils.doCloseConnection(DataSourceUtils.java:341) [spring-jdbc-4.1.4.RELEASE.jar:4.1.4.RELEASE]
	at org.springframework.jdbc.datasource.DataSourceUtils.doReleaseConnection(DataSourceUtils.java:328) [spring-jdbc-4.1.4.RELEASE.jar:4.1.4.RELEASE]
	at org.springframework.jdbc.datasource.DataSourceUtils.releaseConnection(DataSourceUtils.java:294) [spring-jdbc-4.1.4.RELEASE.jar:4.1.4.RELEASE]
	at org.springframework.jdbc.datasource.DataSourceTransactionManager.doCleanupAfterCompletion(DataSourceTransactionManager.java:329) [spring-jdbc-4.1.4.RELEASE.jar:4.1.4.RELEASE]
	at org.springframework.transaction.support.AbstractPlatformTransactionManager.cleanupAfterCompletion(AbstractPlatformTransactionManager.java:1012) [spring-tx-4.1.4.RELEASE.jar:4.1.4.RELEASE]
	at org.springframework.transaction.support.AbstractPlatformTransactionManager.processCommit(AbstractPlatformTransactionManager.java:807) [spring-tx-4.1.4.RELEASE.jar:4.1.4.RELEASE]
	at org.springframework.transaction.support.AbstractPlatformTransactionManager.commit(AbstractPlatformTransactionManager.java:726) [spring-tx-4.1.4.RELEASE.jar:4.1.4.RELEASE]
	at org.springframework.transaction.interceptor.TransactionAspectSupport.commitTransactionAfterReturning(TransactionAspectSupport.java:515) [spring-tx-4.1.4.RELEASE.jar:4.1.4.RELEASE]
	at org.springframework.transaction.interceptor.TransactionAspectSupport.invokeWithinTransaction(TransactionAspectSupport.java:291) [spring-tx-4.1.4.RELEASE.jar:4.1.4.RELEASE]
	at org.springframework.transaction.interceptor.TransactionInterceptor.invoke(TransactionInterceptor.java:96) [spring-tx-4.1.4.RELEASE.jar:4.1.4.RELEASE]
	at org.springframework.aop.framework.ReflectiveMethodInvocation.proceed(ReflectiveMethodInvocation.java:179) [spring-aop-4.1.4.RELEASE.jar:4.1.4.RELEASE]
	at org.springframework.aop.framework.JdkDynamicAopProxy.invoke(JdkDynamicAopProxy.java:207) [spring-aop-4.1.4.RELEASE.jar:4.1.4.RELEASE]
	at com.sun.proxy.$Proxy25.saveOfficialAccount(Unknown Source) [na:na]
	at com.hiro.spider.process.SouGouOfficialAccountJob.getPublicNumbers(SouGouOfficialAccountJob.java:61) [classes/:na]
	at com.hiro.spider.process.SouGouOfficialAccountJob.start(SouGouOfficialAccountJob.java:54) [classes/:na]
	at sun.reflect.NativeMethodAccessorImpl.invoke0(Native Method) ~[na:1.8.0_60]
	at sun.reflect.NativeMethodAccessorImpl.invoke(NativeMethodAccessorImpl.java:62) ~[na:1.8.0_60]
	at sun.reflect.DelegatingMethodAccessorImpl.invoke(DelegatingMethodAccessorImpl.java:43) ~[na:1.8.0_60]
	at java.lang.reflect.Method.invoke(Method.java:497) ~[na:1.8.0_60]
	at org.springframework.scheduling.support.ScheduledMethodRunnable.run(ScheduledMethodRunnable.java:65) [spring-context-4.1.4.RELEASE.jar:4.1.4.RELEASE]
	at org.springframework.scheduling.support.DelegatingErrorHandlingRunnable.run(DelegatingErrorHandlingRunnable.java:54) [spring-context-4.1.4.RELEASE.jar:4.1.4.RELEASE]
	at java.util.concurrent.Executors$RunnableAdapter.call(Executors.java:511) [na:1.8.0_60]
	at java.util.concurrent.FutureTask.runAndReset(FutureTask.java:308) [na:1.8.0_60]
	at java.util.concurrent.ScheduledThreadPoolExecutor$ScheduledFutureTask.access$301(ScheduledThreadPoolExecutor.java:180) [na:1.8.0_60]
	at java.util.concurrent.ScheduledThreadPoolExecutor$ScheduledFutureTask.run(ScheduledThreadPoolExecutor.java:294) [na:1.8.0_60]
	at java.util.concurrent.ThreadPoolExecutor.runWorker(ThreadPoolExecutor.java:1142) [na:1.8.0_60]
	at java.util.concurrent.ThreadPoolExecutor$Worker.run(ThreadPoolExecutor.java:617) [na:1.8.0_60]
	at java.lang.Thread.run(Thread.java:745) [na:1.8.0_60]

4739[15/11/01 09:10:22]==>[ip=, forwardedFor=,ref=, ua=, sid=]
  WARN  o.h.hql.internal.ast.HqlSqlWalker - [DEPRECATION] Encountered positional parameter near line 1, column 73 in HQL: [from com.hiro.spider.data.entity.PublicNumber as model where  model.biz=?].  Positional parameter are considered deprecated; use named parameters or JPA-style positional parameters instead.
3626885[15/11/01 10:29:55]==>[ip=, forwardedFor=,ref=, ua=, sid=]
  WARN  o.a.commons.dbcp2.BasicDataSource - An internal object pool swallowed an Exception.org.apache.commons.dbcp2.LifetimeExceededException: The lifetime of the connection [3,623,720] milliseconds exceeds the maximum permitted value of [3,600,000] milliseconds
	at org.apache.commons.dbcp2.PoolableConnectionFactory.validateLifetime(PoolableConnectionFactory.java:424) ~[commons-dbcp2-2.1.jar:2.1]
	at org.apache.commons.dbcp2.PoolableConnectionFactory.passivateObject(PoolableConnectionFactory.java:364) ~[commons-dbcp2-2.1.jar:2.1]
	at org.apache.commons.pool2.impl.GenericObjectPool.returnObject(GenericObjectPool.java:581) ~[commons-pool2-2.3.jar:2.3]
	at org.apache.commons.dbcp2.PoolableConnection.close(PoolableConnection.java:206) [commons-dbcp2-2.1.jar:2.1]
	at org.apache.commons.dbcp2.DelegatingConnection.closeInternal(DelegatingConnection.java:235) [commons-dbcp2-2.1.jar:2.1]
	at org.apache.commons.dbcp2.DelegatingConnection.close(DelegatingConnection.java:218) [commons-dbcp2-2.1.jar:2.1]
	at org.apache.commons.dbcp2.PoolingDataSource$PoolGuardConnectionWrapper.close(PoolingDataSource.java:244) [commons-dbcp2-2.1.jar:2.1]
	at org.springframework.jdbc.datasource.DataSourceUtils.doCloseConnection(DataSourceUtils.java:341) [spring-jdbc-4.1.4.RELEASE.jar:4.1.4.RELEASE]
	at org.springframework.jdbc.datasource.DataSourceUtils.doReleaseConnection(DataSourceUtils.java:328) [spring-jdbc-4.1.4.RELEASE.jar:4.1.4.RELEASE]
	at org.springframework.jdbc.datasource.DataSourceUtils.releaseConnection(DataSourceUtils.java:294) [spring-jdbc-4.1.4.RELEASE.jar:4.1.4.RELEASE]
	at org.springframework.jdbc.datasource.DataSourceTransactionManager.doCleanupAfterCompletion(DataSourceTransactionManager.java:329) [spring-jdbc-4.1.4.RELEASE.jar:4.1.4.RELEASE]
	at org.springframework.transaction.support.AbstractPlatformTransactionManager.cleanupAfterCompletion(AbstractPlatformTransactionManager.java:1012) [spring-tx-4.1.4.RELEASE.jar:4.1.4.RELEASE]
	at org.springframework.transaction.support.AbstractPlatformTransactionManager.processCommit(AbstractPlatformTransactionManager.java:807) [spring-tx-4.1.4.RELEASE.jar:4.1.4.RELEASE]
	at org.springframework.transaction.support.AbstractPlatformTransactionManager.commit(AbstractPlatformTransactionManager.java:726) [spring-tx-4.1.4.RELEASE.jar:4.1.4.RELEASE]
	at org.springframework.transaction.interceptor.TransactionAspectSupport.commitTransactionAfterReturning(TransactionAspectSupport.java:515) [spring-tx-4.1.4.RELEASE.jar:4.1.4.RELEASE]
	at org.springframework.transaction.interceptor.TransactionAspectSupport.invokeWithinTransaction(TransactionAspectSupport.java:291) [spring-tx-4.1.4.RELEASE.jar:4.1.4.RELEASE]
	at org.springframework.transaction.interceptor.TransactionInterceptor.invoke(TransactionInterceptor.java:96) [spring-tx-4.1.4.RELEASE.jar:4.1.4.RELEASE]
	at org.springframework.aop.framework.ReflectiveMethodInvocation.proceed(ReflectiveMethodInvocation.java:179) [spring-aop-4.1.4.RELEASE.jar:4.1.4.RELEASE]
	at org.springframework.aop.framework.JdkDynamicAopProxy.invoke(JdkDynamicAopProxy.java:207) [spring-aop-4.1.4.RELEASE.jar:4.1.4.RELEASE]
	at com.sun.proxy.$Proxy25.saveOfficialAccount(Unknown Source) [na:na]
	at com.hiro.spider.process.SouGouOfficialAccountJob.getPublicNumbers(SouGouOfficialAccountJob.java:61) [classes/:na]
	at com.hiro.spider.process.SouGouOfficialAccountJob.start(SouGouOfficialAccountJob.java:54) [classes/:na]
	at sun.reflect.NativeMethodAccessorImpl.invoke0(Native Method) ~[na:1.8.0_60]
	at sun.reflect.NativeMethodAccessorImpl.invoke(NativeMethodAccessorImpl.java:62) ~[na:1.8.0_60]
	at sun.reflect.DelegatingMethodAccessorImpl.invoke(DelegatingMethodAccessorImpl.java:43) ~[na:1.8.0_60]
	at java.lang.reflect.Method.invoke(Method.java:497) ~[na:1.8.0_60]
	at org.springframework.scheduling.support.ScheduledMethodRunnable.run(ScheduledMethodRunnable.java:65) [spring-context-4.1.4.RELEASE.jar:4.1.4.RELEASE]
	at org.springframework.scheduling.support.DelegatingErrorHandlingRunnable.run(DelegatingErrorHandlingRunnable.java:54) [spring-context-4.1.4.RELEASE.jar:4.1.4.RELEASE]
	at java.util.concurrent.Executors$RunnableAdapter.call(Executors.java:511) [na:1.8.0_60]
	at java.util.concurrent.FutureTask.runAndReset(FutureTask.java:308) [na:1.8.0_60]
	at java.util.concurrent.ScheduledThreadPoolExecutor$ScheduledFutureTask.access$301(ScheduledThreadPoolExecutor.java:180) [na:1.8.0_60]
	at java.util.concurrent.ScheduledThreadPoolExecutor$ScheduledFutureTask.run(ScheduledThreadPoolExecutor.java:294) [na:1.8.0_60]
	at java.util.concurrent.ThreadPoolExecutor.runWorker(ThreadPoolExecutor.java:1142) [na:1.8.0_60]
	at java.util.concurrent.ThreadPoolExecutor$Worker.run(ThreadPoolExecutor.java:617) [na:1.8.0_60]
	at java.lang.Thread.run(Thread.java:745) [na:1.8.0_60]
