
3610819[15/11/02 22:34:37]==>[ip=, forwardedFor=,ref=, ua=, sid=]
  WARN  o.a.commons.dbcp2.BasicDataSource - An internal object pool swallowed an Exception.org.apache.commons.dbcp2.LifetimeExceededException: The lifetime of the connection [3,605,533] milliseconds exceeds the maximum permitted value of [3,600,000] milliseconds
	at org.apache.commons.dbcp2.PoolableConnectionFactory.validateLifetime(PoolableConnectionFactory.java:424) ~[commons-dbcp2-2.1.jar:2.1]
	at org.apache.commons.dbcp2.PoolableConnectionFactory.passivateObject(PoolableConnectionFactory.java:364) ~[commons-dbcp2-2.1.jar:2.1]
	at org.apache.commons.pool2.impl.GenericObjectPool.returnObject(GenericObjectPool.java:581) ~[commons-pool2-2.3.jar:2.3]
	at org.apache.commons.dbcp2.PoolableConnection.close(PoolableConnection.java:206) [commons-dbcp2-2.1.jar:2.1]
	at org.apache.commons.dbcp2.DelegatingConnection.closeInternal(DelegatingConnection.java:235) [commons-dbcp2-2.1.jar:2.1]
	at org.apache.commons.dbcp2.DelegatingConnection.close(DelegatingConnection.java:218) [commons-dbcp2-2.1.jar:2.1]
	at org.apache.commons.dbcp2.PoolingDataSource$PoolGuardConnectionWrapper.close(PoolingDataSource.java:244) [commons-dbcp2-2.1.jar:2.1]
	at org.springframework.jdbc.datasource.DataSourceUtils.doCloseConnection(DataSourceUtils.java:341) [spring-jdbc-4.1.4.RELEASE.jar:4.1.4.RELEASE]
	at org.springframework.jdbc.datasource.DataSourceUtils.doReleaseConnection(DataSourceUtils.java:328) [spring-jdbc-4.1.4.RELEASE.jar:4.1.4.RELEASE]
	at org.springframework.jdbc.datasource.DataSourceUtils.releaseConnection(DataSourceUtils.java:294) [spring-jdbc-4.1.4.RELEASE.jar:4.1.4.RELEASE]
	at org.springframework.jdbc.datasource.DataSourceTransactionManager.doCleanupAfterCompletion(DataSourceTransactionManager.java:329) [spring-jdbc-4.1.4.RELEASE.jar:4.1.4.RELEASE]
	at org.springframework.transaction.support.AbstractPlatformTransactionManager.cleanupAfterCompletion(AbstractPlatformTransactionManager.java:1012) [spring-tx-4.1.4.RELEASE.jar:4.1.4.RELEASE]
	at org.springframework.transaction.support.AbstractPlatformTransactionManager.processCommit(AbstractPlatformTransactionManager.java:807) [spring-tx-4.1.4.RELEASE.jar:4.1.4.RELEASE]
	at org.springframework.transaction.support.AbstractPlatformTransactionManager.commit(AbstractPlatformTransactionManager.java:726) [spring-tx-4.1.4.RELEASE.jar:4.1.4.RELEASE]
	at org.springframework.transaction.interceptor.TransactionAspectSupport.commitTransactionAfterReturning(TransactionAspectSupport.java:515) [spring-tx-4.1.4.RELEASE.jar:4.1.4.RELEASE]
	at org.springframework.transaction.interceptor.TransactionAspectSupport.invokeWithinTransaction(TransactionAspectSupport.java:291) [spring-tx-4.1.4.RELEASE.jar:4.1.4.RELEASE]
	at org.springframework.transaction.interceptor.TransactionInterceptor.invoke(TransactionInterceptor.java:96) [spring-tx-4.1.4.RELEASE.jar:4.1.4.RELEASE]
	at org.springframework.aop.framework.ReflectiveMethodInvocation.proceed(ReflectiveMethodInvocation.java:179) [spring-aop-4.1.4.RELEASE.jar:4.1.4.RELEASE]
	at org.springframework.aop.framework.JdkDynamicAopProxy.invoke(JdkDynamicAopProxy.java:207) [spring-aop-4.1.4.RELEASE.jar:4.1.4.RELEASE]
	at com.sun.proxy.$Proxy25.saveOfficialAccount(Unknown Source) [na:na]
	at com.hiro.spider.process.SouGouOfficialAccountJob.getPublicNumbers(SouGouOfficialAccountJob.java:61) [classes/:na]
	at com.hiro.spider.process.SouGouOfficialAccountJob.start(SouGouOfficialAccountJob.java:54) [classes/:na]
	at sun.reflect.NativeMethodAccessorImpl.invoke0(Native Method) ~[na:1.8.0_60]
	at sun.reflect.NativeMethodAccessorImpl.invoke(NativeMethodAccessorImpl.java:62) ~[na:1.8.0_60]
	at sun.reflect.DelegatingMethodAccessorImpl.invoke(DelegatingMethodAccessorImpl.java:43) ~[na:1.8.0_60]
	at java.lang.reflect.Method.invoke(Method.java:497) ~[na:1.8.0_60]
	at org.springframework.scheduling.support.ScheduledMethodRunnable.run(ScheduledMethodRunnable.java:65) [spring-context-4.1.4.RELEASE.jar:4.1.4.RELEASE]
	at org.springframework.scheduling.support.DelegatingErrorHandlingRunnable.run(DelegatingErrorHandlingRunnable.java:54) [spring-context-4.1.4.RELEASE.jar:4.1.4.RELEASE]
	at java.util.concurrent.Executors$RunnableAdapter.call(Executors.java:511) [na:1.8.0_60]
	at java.util.concurrent.FutureTask.runAndReset(FutureTask.java:308) [na:1.8.0_60]
	at java.util.concurrent.ScheduledThreadPoolExecutor$ScheduledFutureTask.access$301(ScheduledThreadPoolExecutor.java:180) [na:1.8.0_60]
	at java.util.concurrent.ScheduledThreadPoolExecutor$ScheduledFutureTask.run(ScheduledThreadPoolExecutor.java:294) [na:1.8.0_60]
	at java.util.concurrent.ThreadPoolExecutor.runWorker(ThreadPoolExecutor.java:1142) [na:1.8.0_60]
	at java.util.concurrent.ThreadPoolExecutor$Worker.run(ThreadPoolExecutor.java:617) [na:1.8.0_60]
	at java.lang.Thread.run(Thread.java:745) [na:1.8.0_60]

7225092[15/11/02 23:34:51]==>[ip=, forwardedFor=,ref=, ua=, sid=]
  WARN  o.a.commons.dbcp2.BasicDataSource - An internal object pool swallowed an Exception.org.apache.commons.dbcp2.LifetimeExceededException: The lifetime of the connection [3,614,677] milliseconds exceeds the maximum permitted value of [3,600,000] milliseconds
	at org.apache.commons.dbcp2.PoolableConnectionFactory.validateLifetime(PoolableConnectionFactory.java:424) ~[commons-dbcp2-2.1.jar:2.1]
	at org.apache.commons.dbcp2.PoolableConnectionFactory.passivateObject(PoolableConnectionFactory.java:364) ~[commons-dbcp2-2.1.jar:2.1]
	at org.apache.commons.pool2.impl.GenericObjectPool.returnObject(GenericObjectPool.java:581) ~[commons-pool2-2.3.jar:2.3]
	at org.apache.commons.dbcp2.PoolableConnection.close(PoolableConnection.java:206) [commons-dbcp2-2.1.jar:2.1]
	at org.apache.commons.dbcp2.DelegatingConnection.closeInternal(DelegatingConnection.java:235) [commons-dbcp2-2.1.jar:2.1]
	at org.apache.commons.dbcp2.DelegatingConnection.close(DelegatingConnection.java:218) [commons-dbcp2-2.1.jar:2.1]
	at org.apache.commons.dbcp2.PoolingDataSource$PoolGuardConnectionWrapper.close(PoolingDataSource.java:244) [commons-dbcp2-2.1.jar:2.1]
	at org.springframework.jdbc.datasource.DataSourceUtils.doCloseConnection(DataSourceUtils.java:341) [spring-jdbc-4.1.4.RELEASE.jar:4.1.4.RELEASE]
	at org.springframework.jdbc.datasource.DataSourceUtils.doReleaseConnection(DataSourceUtils.java:328) [spring-jdbc-4.1.4.RELEASE.jar:4.1.4.RELEASE]
	at org.springframework.jdbc.datasource.DataSourceUtils.releaseConnection(DataSourceUtils.java:294) [spring-jdbc-4.1.4.RELEASE.jar:4.1.4.RELEASE]
	at org.springframework.jdbc.datasource.DataSourceTransactionManager.doCleanupAfterCompletion(DataSourceTransactionManager.java:329) [spring-jdbc-4.1.4.RELEASE.jar:4.1.4.RELEASE]
	at org.springframework.transaction.support.AbstractPlatformTransactionManager.cleanupAfterCompletion(AbstractPlatformTransactionManager.java:1012) [spring-tx-4.1.4.RELEASE.jar:4.1.4.RELEASE]
	at org.springframework.transaction.support.AbstractPlatformTransactionManager.processCommit(AbstractPlatformTransactionManager.java:807) [spring-tx-4.1.4.RELEASE.jar:4.1.4.RELEASE]
	at org.springframework.transaction.support.AbstractPlatformTransactionManager.commit(AbstractPlatformTransactionManager.java:726) [spring-tx-4.1.4.RELEASE.jar:4.1.4.RELEASE]
	at org.springframework.transaction.interceptor.TransactionAspectSupport.commitTransactionAfterReturning(TransactionAspectSupport.java:515) [spring-tx-4.1.4.RELEASE.jar:4.1.4.RELEASE]
	at org.springframework.transaction.interceptor.TransactionAspectSupport.invokeWithinTransaction(TransactionAspectSupport.java:291) [spring-tx-4.1.4.RELEASE.jar:4.1.4.RELEASE]
	at org.springframework.transaction.interceptor.TransactionInterceptor.invoke(TransactionInterceptor.java:96) [spring-tx-4.1.4.RELEASE.jar:4.1.4.RELEASE]
	at org.springframework.aop.framework.ReflectiveMethodInvocation.proceed(ReflectiveMethodInvocation.java:179) [spring-aop-4.1.4.RELEASE.jar:4.1.4.RELEASE]
	at org.springframework.aop.framework.JdkDynamicAopProxy.invoke(JdkDynamicAopProxy.java:207) [spring-aop-4.1.4.RELEASE.jar:4.1.4.RELEASE]
	at com.sun.proxy.$Proxy25.saveOfficialAccount(Unknown Source) [na:na]
	at com.hiro.spider.process.SouGouOfficialAccountJob.getPublicNumbers(SouGouOfficialAccountJob.java:61) [classes/:na]
	at com.hiro.spider.process.SouGouOfficialAccountJob.start(SouGouOfficialAccountJob.java:54) [classes/:na]
	at sun.reflect.NativeMethodAccessorImpl.invoke0(Native Method) ~[na:1.8.0_60]
	at sun.reflect.NativeMethodAccessorImpl.invoke(NativeMethodAccessorImpl.java:62) ~[na:1.8.0_60]
	at sun.reflect.DelegatingMethodAccessorImpl.invoke(DelegatingMethodAccessorImpl.java:43) ~[na:1.8.0_60]
	at java.lang.reflect.Method.invoke(Method.java:497) ~[na:1.8.0_60]
	at org.springframework.scheduling.support.ScheduledMethodRunnable.run(ScheduledMethodRunnable.java:65) [spring-context-4.1.4.RELEASE.jar:4.1.4.RELEASE]
	at org.springframework.scheduling.support.DelegatingErrorHandlingRunnable.run(DelegatingErrorHandlingRunnable.java:54) [spring-context-4.1.4.RELEASE.jar:4.1.4.RELEASE]
	at java.util.concurrent.Executors$RunnableAdapter.call(Executors.java:511) [na:1.8.0_60]
	at java.util.concurrent.FutureTask.runAndReset(FutureTask.java:308) [na:1.8.0_60]
	at java.util.concurrent.ScheduledThreadPoolExecutor$ScheduledFutureTask.access$301(ScheduledThreadPoolExecutor.java:180) [na:1.8.0_60]
	at java.util.concurrent.ScheduledThreadPoolExecutor$ScheduledFutureTask.run(ScheduledThreadPoolExecutor.java:294) [na:1.8.0_60]
	at java.util.concurrent.ThreadPoolExecutor.runWorker(ThreadPoolExecutor.java:1142) [na:1.8.0_60]
	at java.util.concurrent.ThreadPoolExecutor$Worker.run(ThreadPoolExecutor.java:617) [na:1.8.0_60]
	at java.lang.Thread.run(Thread.java:745) [na:1.8.0_60]

7247170[15/11/02 23:35:13]==>[ip=, forwardedFor=,ref=, ua=, sid=]
  WARN  o.a.commons.dbcp2.BasicDataSource - An internal object pool swallowed an Exception.org.apache.commons.dbcp2.LifetimeExceededException: The lifetime of the connection [3,614,844] milliseconds exceeds the maximum permitted value of [3,600,000] milliseconds
	at org.apache.commons.dbcp2.PoolableConnectionFactory.validateLifetime(PoolableConnectionFactory.java:424) ~[commons-dbcp2-2.1.jar:2.1]
	at org.apache.commons.dbcp2.PoolableConnectionFactory.passivateObject(PoolableConnectionFactory.java:364) ~[commons-dbcp2-2.1.jar:2.1]
	at org.apache.commons.pool2.impl.GenericObjectPool.returnObject(GenericObjectPool.java:581) ~[commons-pool2-2.3.jar:2.3]
	at org.apache.commons.dbcp2.PoolableConnection.close(PoolableConnection.java:206) [commons-dbcp2-2.1.jar:2.1]
	at org.apache.commons.dbcp2.DelegatingConnection.closeInternal(DelegatingConnection.java:235) [commons-dbcp2-2.1.jar:2.1]
	at org.apache.commons.dbcp2.DelegatingConnection.close(DelegatingConnection.java:218) [commons-dbcp2-2.1.jar:2.1]
	at org.apache.commons.dbcp2.PoolingDataSource$PoolGuardConnectionWrapper.close(PoolingDataSource.java:244) [commons-dbcp2-2.1.jar:2.1]
	at org.springframework.jdbc.datasource.DataSourceUtils.doCloseConnection(DataSourceUtils.java:341) [spring-jdbc-4.1.4.RELEASE.jar:4.1.4.RELEASE]
	at org.springframework.jdbc.datasource.DataSourceUtils.doReleaseConnection(DataSourceUtils.java:328) [spring-jdbc-4.1.4.RELEASE.jar:4.1.4.RELEASE]
	at org.springframework.jdbc.datasource.DataSourceUtils.releaseConnection(DataSourceUtils.java:294) [spring-jdbc-4.1.4.RELEASE.jar:4.1.4.RELEASE]
	at org.springframework.jdbc.datasource.DataSourceTransactionManager.doCleanupAfterCompletion(DataSourceTransactionManager.java:329) [spring-jdbc-4.1.4.RELEASE.jar:4.1.4.RELEASE]
	at org.springframework.transaction.support.AbstractPlatformTransactionManager.cleanupAfterCompletion(AbstractPlatformTransactionManager.java:1012) [spring-tx-4.1.4.RELEASE.jar:4.1.4.RELEASE]
	at org.springframework.transaction.support.AbstractPlatformTransactionManager.processCommit(AbstractPlatformTransactionManager.java:807) [spring-tx-4.1.4.RELEASE.jar:4.1.4.RELEASE]
	at org.springframework.transaction.support.AbstractPlatformTransactionManager.commit(AbstractPlatformTransactionManager.java:726) [spring-tx-4.1.4.RELEASE.jar:4.1.4.RELEASE]
	at org.springframework.transaction.interceptor.TransactionAspectSupport.commitTransactionAfterReturning(TransactionAspectSupport.java:515) [spring-tx-4.1.4.RELEASE.jar:4.1.4.RELEASE]
	at org.springframework.transaction.interceptor.TransactionAspectSupport.invokeWithinTransaction(TransactionAspectSupport.java:291) [spring-tx-4.1.4.RELEASE.jar:4.1.4.RELEASE]
	at org.springframework.transaction.interceptor.TransactionInterceptor.invoke(TransactionInterceptor.java:96) [spring-tx-4.1.4.RELEASE.jar:4.1.4.RELEASE]
	at org.springframework.aop.framework.ReflectiveMethodInvocation.proceed(ReflectiveMethodInvocation.java:179) [spring-aop-4.1.4.RELEASE.jar:4.1.4.RELEASE]
	at org.springframework.aop.framework.JdkDynamicAopProxy.invoke(JdkDynamicAopProxy.java:207) [spring-aop-4.1.4.RELEASE.jar:4.1.4.RELEASE]
	at com.sun.proxy.$Proxy25.saveOfficialAccount(Unknown Source) [na:na]
	at com.hiro.spider.process.SouGouOfficialAccountJob.getPublicNumbers(SouGouOfficialAccountJob.java:61) [classes/:na]
	at com.hiro.spider.process.SouGouOfficialAccountJob.start(SouGouOfficialAccountJob.java:54) [classes/:na]
	at sun.reflect.NativeMethodAccessorImpl.invoke0(Native Method) ~[na:1.8.0_60]
	at sun.reflect.NativeMethodAccessorImpl.invoke(NativeMethodAccessorImpl.java:62) ~[na:1.8.0_60]
	at sun.reflect.DelegatingMethodAccessorImpl.invoke(DelegatingMethodAccessorImpl.java:43) ~[na:1.8.0_60]
	at java.lang.reflect.Method.invoke(Method.java:497) ~[na:1.8.0_60]
	at org.springframework.scheduling.support.ScheduledMethodRunnable.run(ScheduledMethodRunnable.java:65) [spring-context-4.1.4.RELEASE.jar:4.1.4.RELEASE]
	at org.springframework.scheduling.support.DelegatingErrorHandlingRunnable.run(DelegatingErrorHandlingRunnable.java:54) [spring-context-4.1.4.RELEASE.jar:4.1.4.RELEASE]
	at java.util.concurrent.Executors$RunnableAdapter.call(Executors.java:511) [na:1.8.0_60]
	at java.util.concurrent.FutureTask.runAndReset(FutureTask.java:308) [na:1.8.0_60]
	at java.util.concurrent.ScheduledThreadPoolExecutor$ScheduledFutureTask.access$301(ScheduledThreadPoolExecutor.java:180) [na:1.8.0_60]
	at java.util.concurrent.ScheduledThreadPoolExecutor$ScheduledFutureTask.run(ScheduledThreadPoolExecutor.java:294) [na:1.8.0_60]
	at java.util.concurrent.ThreadPoolExecutor.runWorker(ThreadPoolExecutor.java:1142) [na:1.8.0_60]
	at java.util.concurrent.ThreadPoolExecutor$Worker.run(ThreadPoolExecutor.java:617) [na:1.8.0_60]
	at java.lang.Thread.run(Thread.java:745) [na:1.8.0_60]
